[2016-04-03 11:15:36] START
[2016-04-03 11:17:11] EDIT quiz/models/db.py: 6
[2016-04-03 11:18:13] EDIT quiz/controllers/default.py: 1
[2016-04-03 11:20:02] EDIT quiz/models/db.py: 1
[2016-04-03 11:32:21] EDIT quiz/models/db.py: 49
[2016-04-03 11:36:14] EDIT quiz/controllers/default.py: 3
[2016-04-03 11:36:35] CREATE default/select_category.html: 0
[2016-04-03 11:37:30] EDIT quiz/views/default/select_category.html: -1
[2016-04-03 11:51:32] EDIT quiz/views/default/select_category.html: 9
[2016-04-03 11:56:17] EDIT quiz/views/default/select_category.html: 0
[2016-04-03 11:56:48] EDIT quiz/views/default/select_category.html: 0
[2016-04-03 11:57:33] EDIT quiz/views/default/select_category.html: 0
[2016-04-03 11:57:54] EDIT quiz/views/default/select_category.html: 0
[2016-04-03 11:58:22] EDIT quiz/views/default/select_category.html: 0
[2016-04-03 12:01:13] EDIT quiz/controllers/default.py: 4
[2016-04-03 12:02:36] CREATE default/select_subcategory.html: 0
[2016-04-03 12:03:19] EDIT quiz/views/default/select_subcategory.html: 8
[2016-04-03 12:03:44] EDIT quiz/views/default/select_subcategory.html: 0
[2016-04-03 12:04:05] EDIT quiz/controllers/default.py: 0
[2016-04-03 12:04:33] EDIT quiz/controllers/default.py: 0
[2016-04-03 12:05:13] EDIT quiz/views/default/select_subcategory.html: 0
[2016-04-03 12:07:22] EDIT quiz/controllers/default.py: 0
[2016-04-03 12:07:56] EDIT quiz/controllers/default.py: 0
[2016-04-03 12:08:56] EDIT quiz/views/default/select_subcategory.html: 0
[2016-04-03 12:09:18] EDIT quiz/controllers/default.py: 0
[2016-04-03 12:10:20] EDIT quiz/controllers/default.py: 0
[2016-04-03 12:10:49] EDIT quiz/controllers/default.py: 0
[2016-04-03 12:17:07] EDIT quiz/controllers/default.py: 1
[2016-04-03 12:17:30] EDIT quiz/controllers/default.py: 0
[2016-04-03 12:18:07] EDIT quiz/models/db.py: 0
[2016-04-03 12:18:17] EDIT quiz/controllers/default.py: 0
[2016-04-03 12:18:25] EDIT quiz/controllers/default.py: 0
[2016-04-03 12:22:20] EDIT quiz/views/default/select_subcategory.html: 0
[2016-04-05 10:26:09] EDIT quiz/views/default/select_subcategory.html: 4
[2016-04-05 10:27:49] EDIT quiz/views/default/select_subcategory.html: 0
[2016-04-05 10:27:58] EDIT quiz/views/default/select_subcategory.html: 0
[2016-04-05 10:29:49] EDIT quiz/controllers/default.py: 0
[2016-04-05 10:31:47] EDIT quiz/views/default/select_subcategory.html: 0
[2016-04-05 10:33:27] EDIT quiz/controllers/default.py: 4
[2016-04-05 10:33:34] EDIT quiz/views/default/select_category.html: 0
[2016-04-05 10:33:40] EDIT quiz/views/default/select_subcategory.html: 0
[2016-04-05 10:34:20] CREATE default/select_set.html: 0
[2016-04-05 10:38:11] EDIT quiz/views/default/select_set.html: 12
[2016-04-05 10:38:14] EDIT quiz/controllers/default.py: 0
[2016-04-05 10:38:22] EDIT quiz/models/db.py: 0
[2016-04-05 10:38:52] EDIT quiz/views/default/select_subcategory.html: 0
[2016-04-05 10:39:44] EDIT quiz/views/default/select_set.html: 0
[2016-04-05 10:41:09] EDIT quiz/views/default/select_set.html: 0
[2016-04-05 10:42:36] EDIT quiz/views/default/select_set.html: 0
[2016-04-05 10:45:02] EDIT quiz/views/default/select_subcategory.html: 0
[2016-04-05 10:45:39] EDIT quiz/controllers/default.py: 4
[2016-04-05 10:46:10] CREATE default/select_level.html: 0
[2016-04-05 10:47:39] EDIT quiz/views/default/select_level.html: 12
[2016-04-05 11:00:06] EDIT quiz/views/default/select_level.html: 0
[2016-04-05 11:00:09] EDIT quiz/controllers/default.py: 1
[2016-04-05 11:00:28] EDIT quiz/controllers/default.py: 0
[2016-04-05 11:00:32] EDIT quiz/views/default/select_level.html: 0
[2016-04-05 11:00:44] EDIT quiz/views/default/select_category.html: 0
[2016-04-05 11:00:48] EDIT quiz/views/default/select_set.html: 0
[2016-04-05 11:00:51] EDIT quiz/views/default/select_subcategory.html: 0
[2016-04-05 11:02:57] EDIT quiz/views/default/select_level.html: 0
[2016-04-05 11:02:59] EDIT quiz/views/default/select_category.html: 0
[2016-04-05 11:03:01] EDIT quiz/views/default/select_set.html: 0
[2016-04-05 11:03:03] EDIT quiz/views/default/select_subcategory.html: 0
[2016-04-05 11:04:30] EDIT quiz/controllers/default.py: 1
[2016-04-05 11:06:30] EDIT quiz/views/default/select_set.html: 0
[2016-04-05 11:07:30] EDIT quiz/views/default/select_set.html: 0
[2016-04-05 14:20:02] EDIT quiz/views/default/select_level.html: 0
[2016-04-05 14:29:44] EDIT quiz/controllers/default.py: 12
[2016-04-05 14:30:58] EDIT quiz/controllers/default.py: 0
[2016-04-05 14:31:17] EDIT quiz/controllers/default.py: 0
[2016-04-05 14:32:05] CREATE default/question_display.html: 0
[2016-04-05 14:33:05] EDIT quiz/views/default/question_display.html: 3
[2016-04-05 14:39:43] EDIT quiz/views/default/question_display.html: -2
[2016-04-05 14:43:47] EDIT quiz/controllers/default.py: 0
[2016-04-05 14:46:03] EDIT quiz/controllers/default.py: 0
[2016-04-05 14:46:37] EDIT quiz/controllers/default.py: 2
[2016-04-05 14:46:54] EDIT quiz/controllers/default.py: 0
[2016-04-05 14:47:31] EDIT quiz/views/default/question_display.html: -3
[2016-04-05 14:48:06] EDIT quiz/controllers/default.py: 0
[2016-04-05 14:50:54] EDIT quiz/controllers/default.py: 0
[2016-04-05 14:51:14] EDIT quiz/controllers/default.py: 0
[2016-04-05 14:51:14] EDIT quiz/controllers/default.py: 0
[2016-04-05 14:51:15] EDIT quiz/controllers/default.py: 0
[2016-04-05 14:51:15] EDIT quiz/controllers/default.py: 0
[2016-04-05 14:52:10] EDIT quiz/controllers/default.py: 0
[2016-04-05 14:52:55] EDIT quiz/views/default/question_display.html: 4
[2016-04-05 14:53:43] EDIT quiz/controllers/default.py: 0
[2016-04-05 14:54:02] EDIT quiz/views/default/question_display.html: 1
[2016-04-05 14:55:27] EDIT quiz/controllers/default.py: 0
[2016-04-05 14:56:14] EDIT quiz/controllers/default.py: 0
[2016-04-05 14:56:59] EDIT quiz/controllers/default.py: 0
[2016-04-05 14:58:04] EDIT quiz/controllers/default.py: 0
[2016-04-05 14:59:05] EDIT quiz/controllers/default.py: 0
[2016-04-05 14:59:23] EDIT quiz/controllers/default.py: 0
[2016-04-06 22:06:15] EDIT quiz/controllers/default.py: 0
[2016-04-06 22:06:37] EDIT quiz/controllers/default.py: 0
[2016-04-06 22:06:58] EDIT quiz/controllers/default.py: 0
[2016-04-06 22:06:58] EDIT quiz/controllers/default.py: 0
[2016-04-06 22:06:58] EDIT quiz/controllers/default.py: 0
[2016-04-06 22:09:17] EDIT quiz/controllers/default.py: 0
[2016-04-06 22:49:10] EDIT quiz/controllers/default.py: 0
[2016-04-06 22:49:14] EDIT quiz/controllers/default.py: 0
[2016-04-06 22:49:29] EDIT quiz/controllers/default.py: 0
[2016-04-06 22:50:43] EDIT quiz/controllers/default.py: -2
[2016-04-06 22:51:51] EDIT quiz/views/default/question_display.html: 0
[2016-04-06 22:52:35] EDIT quiz/controllers/default.py: 0
[2016-04-06 22:53:42] EDIT quiz/controllers/default.py: 1
[2016-04-06 22:56:07] EDIT quiz/controllers/default.py: 2
[2016-04-06 22:56:32] EDIT quiz/views/default/question_display.html: 0
[2016-04-06 22:58:49] EDIT quiz/controllers/default.py: -2
[2016-04-06 22:59:17] EDIT quiz/views/default/question_display.html: -4
[2016-04-06 22:59:53] EDIT quiz/views/default/question_display.html: 1
[2016-04-06 23:01:29] EDIT quiz/views/default/question_display.html: 0
[2016-04-07 12:29:52] EDIT quiz/views/default/question_display.html: -1
[2016-04-07 12:32:44] EDIT quiz/controllers/default.py: -7
[2016-04-07 12:37:34] EDIT quiz/controllers/default.py: 2
[2016-04-07 12:38:02] EDIT quiz/controllers/default.py: 0
[2016-04-07 12:38:55] EDIT quiz/views/default/question_display.html: 0
[2016-04-07 12:39:45] EDIT quiz/controllers/default.py: 0
[2016-04-07 12:40:49] EDIT quiz/controllers/default.py: 0
[2016-04-07 12:41:40] EDIT quiz/controllers/default.py: 1
[2016-04-07 12:42:32] EDIT quiz/controllers/default.py: 0
[2016-04-07 12:43:19] EDIT quiz/views/default/question_display.html: 0
[2016-04-07 12:45:25] EDIT quiz/views/default/question_display.html: 2
[2016-04-07 12:45:45] EDIT quiz/views/default/question_display.html: 0
[2016-04-07 12:45:47] EDIT quiz/views/default/question_display.html: 0
[2016-04-07 12:48:35] EDIT quiz/controllers/default.py: 4
[2016-04-07 12:50:40] EDIT quiz/models/db.py: -8
[2016-04-07 12:50:59] EDIT quiz/views/default/question_display.html: 3
[2016-04-07 12:51:03] EDIT quiz/views/default/question_display.html: 0
[2016-04-07 12:51:28] EDIT quiz/models/db.py: 0
[2016-04-07 12:51:37] EDIT quiz/views/default/question_display.html: 0
[2016-04-07 12:54:12] EDIT quiz/models/db.py: 0
[2016-04-07 12:57:36] EDIT quiz/models/db.py: 8
[2016-04-07 12:59:11] EDIT quiz/views/default/question_display.html: 13
[2016-04-07 12:59:36] EDIT quiz/models/db.py: 0
[2016-04-07 13:03:17] EDIT quiz/views/default/question_display.html: 0
[2016-04-07 15:02:07] EDIT quiz/views/default/select_category.html: 177
[2016-04-07 15:06:18] EDIT quiz/views/default/select_category.html: 0
[2016-04-07 15:07:15] EDIT quiz/views/default/select_category.html: 0
[2016-04-07 15:10:21] EDIT quiz/views/default/select_category.html: 0
[2016-04-07 15:10:52] EDIT quiz/views/default/select_category.html: 0
[2016-04-07 15:16:10] EDIT quiz/views/default/select_category.html: 0
[2016-04-07 15:16:46] EDIT quiz/views/default/select_category.html: 0
[2016-04-07 15:18:56] EDIT quiz/views/default/select_category.html: 0
[2016-04-07 15:21:31] EDIT quiz/views/default/select_category.html: 0
[2016-04-07 15:22:35] EDIT quiz/views/default/select_category.html: 0
[2016-04-07 15:25:27] EDIT quiz/views/default/select_category.html: 0
[2016-04-07 15:27:00] EDIT quiz/views/default/select_category.html: 0
[2016-04-07 15:28:27] EDIT quiz/views/default/select_category.html: -64
[2016-04-07 15:29:25] EDIT quiz/views/default/select_category.html: 1
[2016-04-07 15:29:41] EDIT quiz/views/default/select_category.html: 0
[2016-04-07 15:30:05] EDIT quiz/views/default/select_category.html: 0
[2016-04-07 15:30:24] EDIT quiz/views/default/select_category.html: 0
[2016-04-07 15:30:44] EDIT quiz/views/default/select_category.html: 0
[2016-04-07 15:30:56] EDIT quiz/views/default/select_category.html: 0
[2016-04-07 15:31:21] EDIT quiz/views/default/select_category.html: 0
[2016-04-07 15:31:50] EDIT quiz/views/default/select_category.html: -1
[2016-04-07 15:32:05] EDIT quiz/views/default/select_category.html: 0
[2016-04-07 15:32:19] EDIT quiz/views/default/select_category.html: 0
[2016-04-07 15:32:49] EDIT quiz/views/default/select_category.html: 1
[2016-04-07 15:33:11] EDIT quiz/views/default/select_category.html: 0
[2016-04-07 15:33:30] EDIT quiz/views/default/select_category.html: 0
[2016-04-07 15:33:43] EDIT quiz/views/default/select_category.html: 0
[2016-04-07 15:33:59] EDIT quiz/views/default/select_category.html: 0
[2016-04-07 15:34:34] EDIT quiz/views/default/select_category.html: 1
[2016-04-07 15:34:54] EDIT quiz/views/default/select_category.html: 0
[2016-04-07 15:35:08] EDIT quiz/views/default/select_category.html: 0
[2016-04-08 11:26:07] EDIT quiz/models/db.py: 0
[2016-04-08 11:26:26] EDIT quiz/controllers/default.py: 1
[2016-04-08 11:27:25] EDIT quiz/views/default/question_display.html: 3
[2016-04-08 11:28:10] EDIT quiz/controllers/default.py: 0
[2016-04-08 11:28:49] EDIT quiz/controllers/default.py: 0
[2016-04-08 11:29:23] EDIT quiz/views/default/question_display.html: 0
[2016-04-08 11:47:34] EDIT quiz/controllers/default.py: 1
[2016-04-08 11:49:02] EDIT quiz/views/default/question_display.html: 2
[2016-04-08 11:50:55] EDIT quiz/views/default/question_display.html: -2
[2016-04-08 11:52:15] EDIT quiz/models/db.py: 0
[2016-04-08 11:56:12] EDIT quiz/models/db.py: -4
[2016-04-08 12:00:45] EDIT quiz/controllers/default.py: 0
[2016-04-08 12:01:53] EDIT quiz/controllers/default.py: 1
[2016-04-08 12:02:35] EDIT quiz/models/db.py: 0
[2016-04-08 12:09:19] EDIT quiz/controllers/default.py: 2
[2016-04-08 12:10:55] EDIT quiz/controllers/default.py: -3
[2016-04-08 12:11:16] EDIT quiz/models/db.py: 0
[2016-04-08 12:12:02] EDIT quiz/controllers/default.py: 0
[2016-04-08 12:12:05] EDIT quiz/controllers/default.py: 0
[2016-04-08 12:12:31] EDIT quiz/controllers/default.py: 0
[2016-04-08 12:13:15] EDIT quiz/controllers/default.py: -1
[2016-04-08 12:14:15] EDIT quiz/controllers/default.py: 0
[2016-04-08 12:14:52] EDIT quiz/controllers/default.py: 1
[2016-04-08 12:15:48] EDIT quiz/models/db.py: 0
[2016-04-08 12:16:24] EDIT quiz/models/db.py: 0
[2016-04-08 12:19:24] EDIT quiz/controllers/default.py: 0
[2016-04-08 12:20:01] EDIT quiz/models/db.py: 0
[2016-04-08 12:22:42] EDIT quiz/models/db.py: 12
[2016-04-08 12:25:05] EDIT quiz/controllers/default.py: 8
[2016-04-08 12:26:23] EDIT quiz/controllers/default.py: 0
[2016-04-08 12:33:29] EDIT quiz/views/default/select_category.html: 1
[2016-04-08 12:34:32] EDIT quiz/views/default/select_category.html: 0
[2016-04-08 12:35:16] EDIT quiz/views/default/select_category.html: 0
[2016-04-08 12:36:03] EDIT quiz/views/default/select_category.html: 1
[2016-04-08 12:36:57] EDIT quiz/views/default/select_category.html: 0
[2016-04-08 12:37:12] EDIT quiz/views/default/select_category.html: 0
[2016-04-08 18:31:52] EDIT quiz/models/db.py: 2
[2016-04-08 18:38:40] EDIT quiz/models/db.py: 8
[2016-04-08 18:39:50] EDIT quiz/models/db.py: 1
[2016-04-08 18:42:07] EDIT quiz/controllers/default.py: 1
[2016-04-08 18:49:31] EDIT quiz/views/default/question_display.html: 88
[2016-04-08 18:50:50] EDIT quiz/controllers/default.py: 0
[2016-04-08 18:53:12] EDIT quiz/views/default/question_display.html: -9
[2016-04-08 18:54:49] EDIT quiz/controllers/default.py: 0
[2016-04-08 18:56:27] EDIT quiz/views/default/question_display.html: -79
[2016-04-08 18:58:53] EDIT quiz/controllers/default.py: 6
[2016-04-08 18:59:46] EDIT quiz/controllers/default.py: 2
[2016-04-08 19:01:03] EDIT quiz/views/default/question_display.html: -8
[2016-04-08 19:01:24] EDIT quiz/controllers/default.py: 2
[2016-04-08 19:01:55] EDIT quiz/controllers/default.py: 0
[2016-04-08 19:03:44] EDIT quiz/views/default/question_display.html: 42
[2016-04-08 19:07:23] EDIT quiz/views/default/question_display.html: 14
[2016-04-08 19:11:55] EDIT quiz/controllers/default.py: 0
[2016-04-08 19:17:35] EDIT quiz/views/default/question_display.html: 0
[2016-04-08 19:23:08] EDIT quiz/views/default/question_display.html: 2
[2016-04-08 19:23:10] EDIT quiz/views/default/question_display.html: 0
[2016-04-08 19:23:45] EDIT quiz/views/default/question_display.html: 45
[2016-04-08 19:25:54] EDIT quiz/views/default/question_display.html: -8
[2016-04-08 19:27:05] EDIT quiz/views/default/question_display.html: 0
[2016-04-08 19:28:07] EDIT quiz/views/default/question_display.html: 2
[2016-04-08 19:31:56] EDIT quiz/views/default/question_display.html: 7
[2016-04-08 19:34:26] EDIT quiz/views/default/question_display.html: -48
[2016-04-09 22:19:45] EDIT quiz/controllers/default.py: 9
[2016-04-09 22:20:14] CREATE default/startpage.html: 0
[2016-04-09 22:22:45] EDIT quiz/controllers/default.py: -1
[2016-04-09 22:23:17] EDIT quiz/controllers/default.py: -1
[2016-04-09 22:46:21] EDIT quiz/views/default/startpage.html: 2
[2016-04-09 22:46:54] EDIT quiz/views/default/startpage.html: 0
[2016-04-09 22:51:28] EDIT quiz/views/default/select_level.html: 0
[2016-04-09 22:51:36] EDIT quiz/controllers/default.py: 0
[2016-04-09 22:51:42] EDIT quiz/models/db.py: 0
[2016-04-09 23:15:08] EDIT quiz/controllers/default.py: 39
[2016-04-09 23:15:33] EDIT quiz/controllers/default.py: 0
[2016-04-09 23:17:01] EDIT quiz/views/default/question_display.html: 0
[2016-04-09 23:17:52] EDIT quiz/views/default/startpage.html: 0
[2016-04-10 01:05:03] EDIT quiz/views/default/question_display.html: 0
[2016-04-10 01:05:19] EDIT quiz/models/db.py: 0
[2016-04-10 01:05:24] EDIT quiz/views/default/startpage.html: 0
[2016-04-10 01:51:24] EDIT quiz/views/default/startpage.html: 0
[2016-04-10 01:54:53] EDIT quiz/views/default/startpage.html: 2
[2016-04-10 01:56:50] EDIT quiz/views/default/startpage.html: 0
[2016-04-10 01:57:30] EDIT quiz/views/default/startpage.html: 0
[2016-04-10 02:01:42] EDIT quiz/controllers/default.py: -34
[2016-04-10 02:06:53] EDIT quiz/views/default/startpage.html: 0
[2016-04-10 02:07:07] EDIT quiz/controllers/default.py: 0
[2016-04-10 02:07:43] EDIT quiz/controllers/default.py: 2
[2016-04-10 02:09:30] EDIT quiz/views/default/question_display.html: 6
[2016-04-10 02:13:06] EDIT quiz/views/default/question_display.html: -72
[2016-04-10 02:16:17] EDIT quiz/controllers/default.py: 0
[2016-04-10 02:17:04] EDIT quiz/views/default/question_display.html: 1
[2016-04-10 02:19:30] EDIT quiz/views/default/question_display.html: 2
[2016-04-10 02:22:22] EDIT quiz/views/default/question_display.html: -3
[2016-04-10 02:24:03] EDIT quiz/views/default/startpage.html: 0
[2016-04-10 02:24:35] EDIT quiz/controllers/default.py: -2
[2016-04-10 02:24:55] EDIT quiz/views/default/question_display.html: 66
[2016-04-10 02:25:54] EDIT quiz/views/default/question_display.html: 0
[2016-04-10 02:25:58] EDIT quiz/views/default/startpage.html: 0
[2016-04-10 14:39:12] EDIT quiz/views/default/question_display.html: -30
[2016-04-10 14:39:53] EDIT quiz/controllers/default.py: 0
[2016-04-10 14:40:32] EDIT quiz/views/default/startpage.html: 0
[2016-04-10 14:40:46] EDIT quiz/models/db.py: 0
[2016-04-10 14:40:50] EDIT quiz/views/default/question_display.html: 0
[2016-04-10 14:48:09] EDIT quiz/controllers/default.py: 1
[2016-04-10 14:49:20] EDIT quiz/controllers/default.py: 0
[2016-04-10 14:50:35] EDIT quiz/controllers/default.py: 0
[2016-04-10 14:57:22] EDIT quiz/controllers/default.py: -1
[2016-04-10 14:58:51] EDIT quiz/controllers/default.py: 0
[2016-04-10 15:02:39] EDIT quiz/controllers/default.py: 0
[2016-04-10 15:10:01] EDIT quiz/views/default/question_display.html: 268
[2016-04-10 15:10:03] EDIT quiz/views/default/question_display.html: 0
[2016-04-10 15:13:31] EDIT quiz/views/default/question_display.html: -152
[2016-04-10 15:14:12] EDIT quiz/views/default/question_display.html: -1
[2016-04-10 15:15:38] EDIT quiz/views/default/question_display.html: 0
[2016-04-10 15:17:41] EDIT quiz/views/default/question_display.html: 0
[2016-04-10 15:20:51] EDIT quiz/views/default/question_display.html: 155
[2016-04-10 15:21:56] EDIT quiz/views/default/question_display.html: -1
[2016-04-10 15:29:50] EDIT quiz/views/default/question_display.html: -190
[2016-04-10 15:32:56] EDIT quiz/views/default/question_display.html: -2
[2016-04-10 15:33:02] EDIT quiz/views/default/question_display.html: 0
[2016-04-10 15:35:18] EDIT quiz/views/default/question_display.html: -1
[2016-04-10 15:35:54] EDIT quiz/views/default/question_display.html: 1
[2016-04-10 15:38:30] EDIT quiz/views/default/question_display.html: 10
[2016-04-10 15:38:44] EDIT quiz/views/default/question_display.html: -1
[2016-04-10 15:44:15] EDIT quiz/views/default/question_display.html: -1
[2016-04-10 15:45:15] EDIT quiz/views/default/question_display.html: 1
[2016-04-10 15:51:57] EDIT quiz/views/default/question_display.html: 27
[2016-04-10 15:52:21] EDIT quiz/views/default/question_display.html: -47
[2016-04-10 15:55:04] EDIT quiz/views/default/question_display.html: -1
[2016-04-10 15:55:25] EDIT quiz/views/default/question_display.html: -1
[2016-04-10 15:57:05] EDIT quiz/views/default/question_display.html: 13
[2016-04-10 16:00:55] EDIT quiz/views/default/question_display.html: 0
[2016-04-10 16:04:42] EDIT quiz/views/default/question_display.html: 0
[2016-04-10 16:05:47] EDIT quiz/views/default/question_display.html: 44
[2016-04-10 16:07:15] EDIT quiz/views/default/question_display.html: 0
[2016-04-10 16:46:04] EDIT quiz/views/default/startpage.html: 0
[2016-04-11 19:07:09] EDIT quiz/models/db.py: 8
[2016-04-11 19:48:05] EDIT quiz/controllers/default.py: 21
[2016-04-11 19:49:00] CREATE default/pause.html: 0
[2016-04-11 19:49:43] EDIT quiz/views/default/pause.html: 1
[2016-04-11 19:53:44] EDIT quiz/views/default/pause.html: 0
[2016-04-11 19:54:11] EDIT quiz/views/default/question_display.html: 1
[2016-04-11 19:55:03] EDIT quiz/models/db.py: 0
[2016-04-11 19:55:26] EDIT quiz/controllers/default.py: 0
[2016-04-11 19:58:46] EDIT quiz/models/db.py: 0
[2016-04-11 20:01:08] EDIT quiz/models/db.py: 0
[2016-04-11 20:04:56] EDIT quiz/models/db.py: 4
[2016-04-11 20:06:48] EDIT quiz/controllers/default.py: 0
[2016-04-11 20:06:50] EDIT quiz/models/db.py: 0
[2016-04-11 20:06:56] EDIT quiz/views/default/pause.html: 0
[2016-04-11 20:06:58] EDIT quiz/views/default/question_display.html: 0
[2016-04-11 22:11:21] EDIT quiz/controllers/default.py: 0
[2016-04-11 22:16:43] EDIT quiz/controllers/default.py: 5
[2016-04-11 22:22:14] EDIT quiz/controllers/default.py: 0
[2016-04-11 22:22:18] EDIT quiz/models/db.py: 0
[2016-04-11 22:22:22] EDIT quiz/views/default/pause.html: 0
[2016-04-11 22:58:17] EDIT quiz/controllers/default.py: 0
[2016-04-11 23:26:04] EDIT quiz/views/default/pause.html: 1
[2016-04-11 23:38:20] EDIT quiz/controllers/default.py: 3
[2016-04-11 23:39:47] EDIT quiz/views/default/startpage.html: -2
[2016-04-11 23:41:42] EDIT quiz/views/default/startpage.html: 0
[2016-04-11 23:50:18] EDIT quiz/views/default/question_display.html: 25
[2016-04-11 23:59:48] EDIT quiz/views/default/question_display.html: 0
[2016-04-11 23:59:51] EDIT quiz/views/default/question_display.html: 0
[2016-04-11 23:59:58] EDIT quiz/models/db.py: 0
[2016-04-12 00:00:00] EDIT quiz/controllers/default.py: 2
[2016-04-12 00:00:03] EDIT quiz/views/default/startpage.html: 0
[2016-04-12 00:03:57] EDIT quiz/views/default/question_display.html: 0
[2016-04-12 00:04:28] EDIT quiz/views/default/question_display.html: 0
[2016-04-12 00:12:00] EDIT quiz/views/default/question_display.html: 0
[2016-04-12 00:15:33] EDIT quiz/views/default/question_display.html: 1
[2016-04-12 00:16:32] EDIT quiz/controllers/default.py: 1
[2016-04-12 00:34:20] EDIT quiz/controllers/default.py: 3
[2016-04-12 00:34:32] EDIT quiz/controllers/default.py: 0
[2016-04-12 00:35:06] EDIT quiz/controllers/default.py: 1
[2016-04-12 00:37:04] EDIT quiz/views/default/question_display.html: 0
[2016-04-12 00:37:15] EDIT quiz/models/db.py: 0
[2016-04-12 00:37:18] EDIT quiz/controllers/default.py: 0
[2016-04-12 00:37:20] EDIT quiz/views/default/startpage.html: 0
[2016-04-12 00:37:23] EDIT quiz/views/default/question_display.html: 0
[2016-04-12 01:29:52] EDIT quiz/views/default/question_display.html: 0
[2016-04-12 01:29:56] EDIT quiz/models/db.py: 0
[2016-04-12 01:30:03] EDIT quiz/controllers/default.py: 0
[2016-04-12 01:30:05] EDIT quiz/views/default/startpage.html: 0
[2016-04-12 13:58:05] EDIT quiz/controllers/default.py: 1
[2016-04-12 14:09:28] EDIT quiz/controllers/default.py: 1
[2016-04-12 14:09:37] EDIT quiz/controllers/default.py: 0
[2016-04-12 14:11:09] EDIT quiz/controllers/default.py: 1
[2016-04-12 14:11:47] EDIT quiz/controllers/default.py: 1
[2016-04-12 14:12:47] EDIT quiz/controllers/default.py: 1
[2016-04-12 14:14:18] EDIT quiz/controllers/default.py: 0
[2016-04-12 14:15:23] EDIT quiz/controllers/default.py: 0
[2016-04-12 14:17:13] EDIT quiz/controllers/default.py: -1
[2016-04-12 14:18:04] EDIT quiz/controllers/default.py: 0
[2016-04-12 14:19:33] EDIT quiz/controllers/default.py: 0
[2016-04-12 14:20:07] EDIT quiz/controllers/default.py: 0
[2016-04-12 14:20:40] EDIT quiz/controllers/default.py: 0
[2016-04-12 14:23:13] EDIT quiz/views/default/question_display.html: 0
[2016-04-12 14:24:23] EDIT quiz/views/default/question_display.html: 0
[2016-04-12 14:25:21] EDIT quiz/controllers/default.py: 1
[2016-04-12 14:25:31] EDIT quiz/views/default/question_display.html: 0
[2016-04-12 14:26:40] EDIT quiz/views/default/question_display.html: 0
[2016-04-12 14:31:10] EDIT quiz/views/default/question_display.html: 0
[2016-04-12 14:32:17] EDIT quiz/views/default/question_display.html: 0
[2016-04-12 14:33:11] EDIT quiz/controllers/default.py: 0
[2016-04-12 14:33:28] EDIT quiz/controllers/default.py: -2
[2016-04-12 14:33:32] EDIT quiz/views/default/question_display.html: 0
[2016-04-12 14:33:44] EDIT quiz/controllers/default.py: 0
[2016-04-12 14:33:47] EDIT quiz/views/default/question_display.html: 0
[2016-04-12 17:23:36] EDIT quiz/models/db.py: 1
[2016-04-12 17:28:32] EDIT quiz/views/default/index.html: 0
[2016-04-12 17:36:43] EDIT quiz/views/default/index.html: 0
[2016-04-12 17:39:03] EDIT quiz/views/default/index.html: 0
[2016-04-12 17:41:34] EDIT quiz/views/default/index.html: 1
[2016-04-12 17:42:06] EDIT quiz/views/default/index.html: -1
[2016-04-12 17:44:05] EDIT quiz/views/default/index.html: 1
[2016-04-12 17:45:42] EDIT quiz/views/default/index.html: 0
[2016-04-12 17:46:02] EDIT quiz/views/default/index.html: -1
[2016-04-12 17:50:28] EDIT quiz/models/db.py: 0
[2016-04-12 17:51:59] EDIT quiz/controllers/default.py: 3
[2016-04-12 17:54:08] EDIT quiz/views/default/index.html: 1
[2016-04-12 17:56:55] EDIT quiz/views/default/index.html: -1
[2016-04-12 17:59:01] EDIT quiz/views/default/index.html: -1
[2016-04-12 17:59:21] EDIT quiz/views/default/index.html: 0
[2016-04-12 17:59:24] EDIT quiz/views/default/index.html: 0
[2016-04-12 18:03:30] EDIT quiz/views/default/index.html: -1
[2016-04-12 18:25:40] EDIT quiz/views/default/index.html: -1
[2016-04-12 18:30:09] EDIT quiz/views/default/index.html: 0
[2016-04-12 18:30:32] EDIT quiz/views/default/index.html: 0
[2016-04-12 18:33:26] EDIT quiz/views/default/index.html: 0
[2016-04-12 18:41:02] EDIT quiz/views/default/index.html: 0
[2016-04-12 18:42:37] EDIT quiz/views/default/index.html: -14
[2016-04-12 18:47:00] EDIT quiz/views/default/select_subcategory.html: -1
[2016-04-12 18:51:19] EDIT quiz/views/default/select_subcategory.html: 116
[2016-04-12 18:53:14] EDIT quiz/views/default/select_subcategory.html: 0
[2016-04-12 18:54:23] EDIT quiz/views/default/select_subcategory.html: 3
[2016-04-12 18:54:49] EDIT quiz/views/default/select_subcategory.html: 0
[2016-04-12 18:55:34] EDIT quiz/views/default/select_subcategory.html: 1
[2016-04-12 19:06:24] EDIT quiz/views/default/index.html: 1
[2016-04-12 19:08:05] EDIT quiz/views/default/select_subcategory.html: -122
[2016-04-12 19:08:29] EDIT quiz/views/default/index.html: -2
[2016-04-12 19:09:41] EDIT quiz/views/default/index.html: 1
[2016-04-12 19:10:54] EDIT quiz/views/default/index.html: 0
[2016-04-12 19:11:16] EDIT quiz/views/default/index.html: -1
[2016-04-12 19:12:16] EDIT quiz/views/default/index.html: 1
[2016-04-12 19:12:21] EDIT quiz/views/default/index.html: 0
[2016-04-12 19:12:35] EDIT quiz/views/default/index.html: 0
[2016-04-12 19:12:46] EDIT quiz/views/default/index.html: 0
[2016-04-12 19:12:57] EDIT quiz/views/default/index.html: 0
[2016-04-12 19:13:09] EDIT quiz/views/default/index.html: 0
[2016-04-12 19:14:52] EDIT quiz/views/default/select_subcategory.html: 0
[2016-04-12 19:45:34] EDIT quiz/views/default/select_subcategory.html: 16
[2016-04-12 19:45:56] EDIT quiz/views/default/select_subcategory.html: 0
[2016-04-12 19:46:06] EDIT quiz/views/default/select_subcategory.html: 0
[2016-04-12 19:47:14] EDIT quiz/views/default/select_subcategory.html: -4
[2016-04-12 19:47:35] EDIT quiz/views/default/select_subcategory.html: 4
[2016-04-12 19:49:56] EDIT quiz/views/default/select_subcategory.html: 0
[2016-04-12 19:50:45] EDIT quiz/views/default/select_subcategory.html: 0
[2016-04-12 20:21:15] EDIT quiz/views/default/select_subcategory.html: 5
[2016-04-12 20:21:57] EDIT quiz/views/default/select_subcategory.html: 2
[2016-04-12 20:47:30] EDIT quiz/views/default/select_subcategory.html: 0
[2016-04-12 23:38:13] EDIT quiz/views/default/select_subcategory.html: 154
[2016-04-12 23:45:38] EDIT quiz/views/default/select_subcategory.html: 0
[2016-04-12 23:48:04] EDIT quiz/views/default/select_subcategory.html: 0
[2016-04-12 23:48:32] EDIT quiz/views/default/select_subcategory.html: 0
[2016-04-12 23:49:28] EDIT quiz/views/default/select_subcategory.html: 0
[2016-04-12 23:50:40] EDIT quiz/views/default/select_subcategory.html: 0
[2016-04-12 23:52:46] EDIT quiz/views/default/select_subcategory.html: 0
[2016-04-12 23:54:50] EDIT quiz/views/default/select_subcategory.html: 0
[2016-04-12 23:56:33] EDIT quiz/views/default/select_subcategory.html: -30
[2016-04-12 23:57:12] EDIT quiz/views/default/select_subcategory.html: 0
[2016-04-13 00:18:51] EDIT quiz/views/default/select_subcategory.html: -6
[2016-04-13 00:34:39] EDIT quiz/views/default/select_subcategory.html: 0
[2016-04-13 00:37:23] EDIT quiz/views/default/select_subcategory.html: -46
[2016-04-13 00:39:07] EDIT quiz/views/default/select_subcategory.html: 1
[2016-04-13 00:39:29] EDIT quiz/views/default/select_subcategory.html: 2
[2016-04-13 00:41:36] EDIT quiz/views/default/select_subcategory.html: 3
[2016-04-13 00:41:37] EDIT quiz/views/default/select_subcategory.html: 0
[2016-04-13 00:42:56] EDIT quiz/views/default/select_subcategory.html: 0
[2016-04-13 00:44:35] EDIT quiz/views/default/select_subcategory.html: 0
[2016-04-13 00:44:59] EDIT quiz/views/default/select_subcategory.html: 0
[2016-04-13 00:45:04] EDIT quiz/views/default/select_subcategory.html: 0
[2016-04-13 00:45:28] EDIT quiz/views/default/select_subcategory.html: 0
[2016-04-13 00:45:58] EDIT quiz/views/default/select_subcategory.html: 0
[2016-04-13 00:57:37] EDIT quiz/views/default/select_subcategory.html: -1
[2016-04-13 00:58:05] EDIT quiz/views/default/select_subcategory.html: 0
[2016-04-13 00:58:46] EDIT quiz/views/default/select_subcategory.html: 0
[2016-04-13 00:59:11] EDIT quiz/views/default/select_subcategory.html: 0
[2016-04-13 00:59:33] EDIT quiz/views/default/select_subcategory.html: 0
[2016-04-13 01:00:39] EDIT quiz/views/default/select_subcategory.html: 0
[2016-04-13 01:00:56] EDIT quiz/views/default/select_subcategory.html: -1
[2016-04-13 01:01:49] EDIT quiz/views/default/select_subcategory.html: -5
[2016-04-13 01:02:39] EDIT quiz/views/default/select_subcategory.html: -1
[2016-04-13 01:03:25] EDIT quiz/views/default/select_subcategory.html: 1
[2016-04-13 01:04:02] EDIT quiz/views/default/select_subcategory.html: 0
[2016-04-13 10:49:56] EDIT quiz/views/default/index.html: 2
[2016-04-13 10:51:04] EDIT quiz/views/default/index.html: 0
[2016-04-13 10:53:46] EDIT quiz/views/default/index.html: 9
[2016-04-13 10:58:20] EDIT quiz/views/default/index.html: 0
[2016-04-13 10:58:57] EDIT quiz/views/default/index.html: 1
[2016-04-13 11:00:43] EDIT quiz/views/default/index.html: 2
[2016-04-13 11:01:16] EDIT quiz/views/default/index.html: 0
[2016-04-13 11:01:41] EDIT quiz/views/default/index.html: 0
[2016-04-13 11:02:09] EDIT quiz/views/default/index.html: -2
[2016-04-13 11:02:23] EDIT quiz/views/default/index.html: 0
[2016-04-13 11:02:56] EDIT quiz/views/default/index.html: 0
[2016-04-13 11:03:50] EDIT quiz/views/default/index.html: 3
[2016-04-13 11:04:01] EDIT quiz/views/default/index.html: 0
[2016-04-13 11:04:46] EDIT quiz/views/default/index.html: 0
[2016-04-13 11:04:56] EDIT quiz/views/default/index.html: 0
[2016-04-13 11:05:14] EDIT quiz/views/default/index.html: 0
[2016-04-13 11:05:52] EDIT quiz/views/default/index.html: 0
[2016-04-13 11:07:40] EDIT quiz/views/default/index.html: 1
[2016-04-13 11:08:27] EDIT quiz/views/default/index.html: 0
[2016-04-13 11:08:38] EDIT quiz/views/default/index.html: 0
[2016-04-13 11:09:05] EDIT quiz/views/default/index.html: -2
[2016-04-13 11:09:17] EDIT quiz/views/default/index.html: 0
[2016-04-13 11:09:51] EDIT quiz/views/default/index.html: 0
[2016-04-13 11:10:08] EDIT quiz/views/default/index.html: 0
[2016-04-13 11:10:21] EDIT quiz/views/default/index.html: 0
[2016-04-13 11:10:38] EDIT quiz/views/default/index.html: 0
[2016-04-13 11:10:47] EDIT quiz/views/default/index.html: 0
[2016-04-13 11:10:55] EDIT quiz/views/default/index.html: 0
[2016-04-13 11:11:04] EDIT quiz/views/default/index.html: 0
[2016-04-13 11:14:26] EDIT quiz/views/default/index.html: 0
[2016-04-13 11:15:21] EDIT quiz/views/default/index.html: 0
[2016-04-13 11:16:58] EDIT quiz/views/default/index.html: 0
[2016-04-13 11:20:46] EDIT quiz/views/default/index.html: 0
[2016-04-13 11:22:05] EDIT quiz/views/default/index.html: 0
[2016-04-13 11:24:22] EDIT quiz/views/default/index.html: 0
[2016-04-13 11:26:41] EDIT quiz/views/default/select_subcategory.html: 1
[2016-04-13 11:27:19] EDIT quiz/views/default/select_subcategory.html: -1
[2016-04-13 11:27:21] EDIT quiz/views/default/select_subcategory.html: 0
[2016-04-13 11:27:40] EDIT quiz/views/default/select_subcategory.html: -3
[2016-04-13 11:29:13] EDIT quiz/views/default/select_subcategory.html: 2
[2016-04-13 14:43:14] EDIT quiz/views/default/select_subcategory.html: 12
[2016-04-13 14:45:24] EDIT quiz/controllers/default.py: 0
[2016-04-13 14:45:27] EDIT quiz/views/default/select_subcategory.html: 0
[2016-04-13 14:48:23] EDIT quiz/controllers/default.py: 1
[2016-04-13 14:55:21] EDIT quiz/views/default/select_set.html: 103
[2016-04-13 14:56:25] EDIT quiz/views/default/select_set.html: 0
[2016-04-13 14:56:42] EDIT quiz/controllers/default.py: -1
[2016-04-13 14:57:04] EDIT quiz/views/default/select_set.html: 0
[2016-04-13 14:59:04] EDIT quiz/views/default/select_set.html: 0
[2016-04-13 14:59:30] EDIT quiz/views/default/select_set.html: 0
[2016-04-13 15:10:23] EDIT quiz/views/default/select_set.html: -14
[2016-04-13 15:17:04] EDIT quiz/views/default/select_set.html: 0
[2016-04-13 15:17:37] EDIT quiz/views/default/select_set.html: 0
[2016-04-13 15:17:57] EDIT quiz/views/default/select_set.html: 0
[2016-04-13 15:21:15] EDIT quiz/views/default/select_subcategory.html: 0
[2016-04-13 15:21:57] EDIT quiz/views/default/select_subcategory.html: 0
[2016-04-13 15:23:13] EDIT quiz/controllers/default.py: 0
[2016-04-13 15:24:16] EDIT quiz/views/default/select_set.html: 0
[2016-04-13 15:24:36] EDIT quiz/controllers/default.py: 0
[2016-04-13 15:28:04] EDIT quiz/controllers/default.py: 1
[2016-04-13 15:29:10] EDIT quiz/controllers/default.py: 0
[2016-04-13 15:29:13] EDIT quiz/views/default/select_set.html: 0
[2016-04-13 15:29:46] EDIT quiz/controllers/default.py: 0
[2016-04-16 00:54:51] EDIT quiz/views/default/index.html: -8
[2016-04-17 00:36:56] EDIT quiz/views/default/select_level.html: -15
[2016-04-17 00:39:32] EDIT quiz/views/default/select_level.html: 118
[2016-04-17 00:41:23] EDIT quiz/views/default/select_set.html: 0
[2016-04-17 00:42:07] EDIT quiz/controllers/default.py: 1
[2016-04-17 00:49:22] EDIT quiz/views/default/select_level.html: 0
[2016-04-17 00:50:18] EDIT quiz/views/default/select_level.html: 0
[2016-04-17 00:51:36] EDIT quiz/views/default/select_level.html: 0
[2016-04-17 00:53:01] EDIT quiz/views/default/select_level.html: 0
[2016-04-17 00:54:12] EDIT quiz/views/default/select_level.html: 0
[2016-04-17 00:57:19] EDIT quiz/views/default/index.html: 0
[2016-04-17 00:58:42] EDIT quiz/views/default/index.html: 0
[2016-04-17 01:00:08] EDIT quiz/views/default/index.html: -9
[2016-04-17 01:00:24] EDIT quiz/views/default/index.html: 9
[2016-04-17 01:01:31] EDIT quiz/views/default/index.html: -2
[2016-04-17 01:01:48] EDIT quiz/views/default/index.html: 2
[2016-04-17 01:02:40] EDIT quiz/views/default/index.html: -2
[2016-04-17 01:03:17] EDIT quiz/views/default/index.html: 2
[2016-04-17 01:04:33] EDIT quiz/views/default/index.html: -2
[2016-04-17 01:05:34] EDIT quiz/views/default/index.html: -2
[2016-04-17 01:07:59] EDIT quiz/views/default/select_level.html: 0
[2016-04-17 01:09:23] EDIT quiz/views/default/index.html: 3
[2016-04-17 01:11:07] EDIT quiz/views/default/index.html: -1
[2016-04-17 01:11:30] EDIT quiz/views/default/index.html: -1
[2016-04-17 01:12:18] EDIT quiz/views/default/index.html: 1
[2016-04-17 01:18:50] EDIT quiz/views/default/question_display.html: -1
[2016-04-17 01:19:45] EDIT quiz/views/default/startpage.html: -1
[2016-04-17 01:45:10] EDIT quiz/views/default/startpage.html: 0
[2016-04-17 01:46:33] EDIT quiz/views/default/question_display.html: 2
[2016-04-17 01:47:59] EDIT quiz/views/default/question_display.html: 2
[2016-04-17 01:49:21] EDIT quiz/views/default/question_display.html: 2
[2016-04-17 01:54:30] EDIT quiz/views/default/question_display.html: 0
[2016-04-17 01:55:41] EDIT quiz/views/default/question_display.html: 0
[2016-04-17 01:55:42] EDIT quiz/views/default/question_display.html: 0
[2016-04-17 01:56:30] EDIT quiz/views/default/question_display.html: 2
[2016-04-17 01:56:59] EDIT quiz/views/default/question_display.html: 1
[2016-04-17 01:57:12] EDIT quiz/views/default/question_display.html: 0
[2016-04-17 01:58:09] EDIT quiz/views/default/question_display.html: 0
[2016-04-17 01:59:49] EDIT quiz/views/default/question_display.html: 1
[2016-04-17 02:00:13] EDIT quiz/views/default/question_display.html: 0
[2016-04-17 02:03:51] EDIT quiz/views/default/question_display.html: 2
[2016-04-17 02:05:02] EDIT quiz/views/default/question_display.html: 2
[2016-04-17 02:06:02] EDIT quiz/views/default/question_display.html: 0
[2016-04-17 02:08:05] EDIT quiz/views/default/question_display.html: 13
[2016-04-17 02:12:54] EDIT quiz/views/default/question_display.html: 0
[2016-04-17 02:14:52] EDIT quiz/views/default/question_display.html: -1
[2016-04-17 02:15:32] EDIT quiz/views/default/question_display.html: 1
[2016-04-17 02:17:06] EDIT quiz/views/default/question_display.html: 0
[2016-04-17 02:20:01] EDIT quiz/views/default/question_display.html: 0
[2016-04-17 02:20:44] EDIT quiz/views/default/question_display.html: 1
[2016-04-17 02:21:30] EDIT quiz/views/default/question_display.html: 0
[2016-04-17 02:22:45] EDIT quiz/views/default/question_display.html: 2
[2016-04-17 02:23:12] EDIT quiz/views/default/question_display.html: 1
[2016-04-17 02:23:57] EDIT quiz/views/default/question_display.html: 1
[2016-04-17 02:26:50] EDIT quiz/views/default/question_display.html: 0
[2016-04-17 02:29:48] EDIT quiz/views/default/question_display.html: 6
[2016-04-17 02:30:13] EDIT quiz/views/default/question_display.html: 2
[2016-04-17 02:32:02] EDIT quiz/views/default/question_display.html: 0
[2016-04-17 02:32:43] EDIT quiz/views/default/question_display.html: 2
[2016-04-17 02:33:02] EDIT quiz/views/default/question_display.html: 0
[2016-04-17 02:34:46] EDIT quiz/views/default/question_display.html: 8
[2016-04-17 02:35:36] EDIT quiz/views/default/question_display.html: 1
[2016-04-17 02:35:56] EDIT quiz/views/default/question_display.html: 1
[2016-04-17 02:36:39] EDIT quiz/views/default/question_display.html: -1
[2016-04-17 02:37:02] EDIT quiz/views/default/question_display.html: 1
[2016-04-17 02:38:32] EDIT quiz/views/default/question_display.html: 0
[2016-04-17 02:39:14] EDIT quiz/views/default/question_display.html: 0
[2016-04-17 02:39:35] EDIT quiz/views/default/question_display.html: -1
[2016-04-17 02:39:58] EDIT quiz/views/default/question_display.html: 0
[2016-04-17 02:40:12] EDIT quiz/views/default/question_display.html: 0
[2016-04-17 02:40:45] EDIT quiz/views/default/question_display.html: 0
[2016-04-17 02:40:49] EDIT quiz/views/default/question_display.html: 0
[2016-04-17 02:41:35] EDIT quiz/views/default/question_display.html: 0
[2016-04-17 02:41:58] EDIT quiz/views/default/question_display.html: 0
[2016-04-17 02:42:12] EDIT quiz/views/default/question_display.html: 0
[2016-04-17 02:44:11] EDIT quiz/views/default/question_display.html: 0
[2016-04-17 02:44:29] EDIT quiz/views/default/question_display.html: 0
[2016-04-17 02:45:12] EDIT quiz/views/default/question_display.html: -1
[2016-04-17 02:45:33] EDIT quiz/views/default/question_display.html: 0
[2016-04-17 02:46:25] EDIT quiz/views/default/question_display.html: 1
[2016-04-17 02:46:47] EDIT quiz/views/default/question_display.html: 1
[2016-04-17 02:47:05] EDIT quiz/views/default/question_display.html: 0
[2016-04-17 02:48:39] EDIT quiz/views/default/question_display.html: 1
[2016-04-17 02:50:01] EDIT quiz/views/default/question_display.html: 0
[2016-04-17 02:50:32] EDIT quiz/views/default/question_display.html: 0
[2016-04-17 02:51:48] EDIT quiz/views/default/question_display.html: 0
[2016-04-17 02:57:22] EDIT quiz/views/default/question_display.html: 0
[2016-04-17 02:58:57] EDIT quiz/views/default/question_display.html: -1
[2016-04-17 03:00:17] EDIT quiz/views/default/question_display.html: 2
[2016-04-17 03:00:59] EDIT quiz/views/default/question_display.html: -1
[2016-04-17 03:01:39] EDIT quiz/views/default/question_display.html: 0
[2016-04-17 03:02:05] EDIT quiz/views/default/question_display.html: 1
[2016-04-17 03:04:35] EDIT quiz/views/default/question_display.html: 0
[2016-04-17 03:05:16] EDIT quiz/views/default/question_display.html: 0
[2016-04-17 03:06:23] EDIT quiz/views/default/question_display.html: 0
[2016-04-17 03:06:50] EDIT quiz/views/default/question_display.html: 0
[2016-04-17 03:07:12] EDIT quiz/views/default/question_display.html: 1
[2016-04-17 03:07:32] EDIT quiz/views/default/question_display.html: 0
[2016-04-17 03:08:14] EDIT quiz/views/default/question_display.html: -2
[2016-04-17 03:09:00] EDIT quiz/views/default/question_display.html: -1
[2016-04-17 03:09:22] EDIT quiz/views/default/question_display.html: 1
[2016-04-17 03:10:40] EDIT quiz/views/default/question_display.html: 0
[2016-04-18 13:17:43] EDIT quiz/views/default/user.html: -1
[2016-04-18 13:17:57] EDIT quiz/views/default/user.html: 1
[2016-04-18 13:19:53] EDIT quiz/views/default/user.html: 7
[2016-04-18 13:20:10] DELETE quiz/views/default/question_display.html.1: -240
[2016-04-18 13:20:48] EDIT quiz/views/default/user.html: 0
[2016-04-18 13:21:18] EDIT quiz/views/default/user.html: 0
[2016-04-18 13:21:57] EDIT quiz/views/default/user.html: 2
[2016-04-18 13:22:25] EDIT quiz/views/default/user.html: -1
[2016-04-18 13:24:38] EDIT quiz/views/default/user.html: 3
[2016-04-18 13:24:39] EDIT quiz/views/default/user.html: 0
[2016-04-18 13:25:33] EDIT quiz/views/default/user.html: 2
[2016-04-18 13:26:01] EDIT quiz/views/default/user.html: 2
[2016-04-18 13:26:20] EDIT quiz/views/default/user.html: 1
[2016-04-18 13:26:34] EDIT quiz/views/default/user.html: 1
[2016-04-18 13:26:56] EDIT quiz/views/default/user.html: 0
[2016-04-18 13:27:26] EDIT quiz/views/default/user.html: 1
[2016-04-18 13:27:35] EDIT quiz/views/default/user.html: 0
[2016-04-18 13:27:52] EDIT quiz/views/default/user.html: 1
[2016-04-18 13:28:00] EDIT quiz/views/default/user.html: 0
[2016-04-18 13:28:09] EDIT quiz/views/default/user.html: 0
[2016-04-18 13:28:30] EDIT quiz/views/default/user.html: 1
[2016-04-18 13:28:39] EDIT quiz/views/default/user.html: 0
[2016-04-18 13:28:58] EDIT quiz/views/default/user.html: 0
[2016-04-18 13:30:03] EDIT quiz/views/default/user.html: 0
[2016-04-18 13:30:42] EDIT quiz/views/default/user.html: 0
[2016-04-18 13:31:01] EDIT quiz/views/default/user.html: 1
[2016-04-18 13:31:10] EDIT quiz/views/default/user.html: 0
[2016-04-18 13:31:24] EDIT quiz/views/default/user.html: 0
[2016-04-18 13:31:36] EDIT quiz/views/default/user.html: 0
[2016-04-18 13:31:46] EDIT quiz/views/default/user.html: 0
[2016-04-18 13:33:46] EDIT quiz/views/default/user.html: 0
[2016-04-18 13:34:16] EDIT quiz/views/default/user.html: 0
[2016-04-18 13:36:13] EDIT quiz/views/default/user.html: 13
[2016-04-18 13:36:34] EDIT quiz/views/default/user.html: 0
[2016-04-18 13:36:58] EDIT quiz/views/default/user.html: 0
[2016-04-18 13:37:06] EDIT quiz/views/default/user.html: -13
[2016-04-18 13:38:04] EDIT quiz/views/default/user.html: -1
[2016-04-18 13:38:14] EDIT quiz/views/default/user.html: 0
[2016-04-18 13:38:29] EDIT quiz/views/default/user.html: 0
[2016-04-18 13:38:49] EDIT quiz/views/default/user.html: 0
[2016-04-18 13:39:17] EDIT quiz/views/default/user.html: 1
[2016-04-18 13:39:30] EDIT quiz/views/default/user.html: 0
[2016-04-18 13:39:41] EDIT quiz/views/default/user.html: 0
[2016-04-18 13:40:21] EDIT quiz/views/default/user.html: 0
[2016-04-28 13:42:36] EDIT quiz/views/default/question_display.html: -19
[2016-04-28 13:43:15] EDIT quiz/views/default/question_display.html: 17
[2016-04-28 13:47:37] EDIT quiz/views/default/question_display.html: 2
[2016-04-28 13:47:43] EDIT quiz/views/default/question_display.html: -1
[2016-04-28 13:48:14] EDIT quiz/views/default/question_display.html: 0
[2016-04-28 13:48:36] EDIT quiz/views/default/question_display.html: 0
[2016-04-28 13:49:02] EDIT quiz/views/default/question_display.html: 0
[2016-04-28 13:49:39] EDIT quiz/views/default/question_display.html: 1
[2016-04-28 13:50:00] EDIT quiz/views/default/question_display.html: 0
[2016-04-28 13:50:41] EDIT quiz/views/default/question_display.html: 1
[2016-04-28 13:51:39] EDIT quiz/views/default/question_display.html: 0
[2016-04-28 13:51:54] EDIT quiz/views/default/question_display.html: -1
[2016-04-28 13:51:55] EDIT quiz/views/default/question_display.html: 0
[2016-04-28 13:51:55] EDIT quiz/views/default/question_display.html: 0
[2016-04-28 13:51:55] EDIT quiz/views/default/question_display.html: 0
[2016-04-28 13:51:55] EDIT quiz/views/default/question_display.html: 0
[2016-04-28 13:51:55] EDIT quiz/views/default/question_display.html: 0
[2016-04-28 13:51:56] EDIT quiz/views/default/question_display.html: 0
[2016-04-28 13:51:56] EDIT quiz/views/default/question_display.html: 0
[2016-04-28 13:52:44] EDIT quiz/views/default/question_display.html: 1
[2016-04-28 13:53:07] EDIT quiz/views/default/question_display.html: 0
[2016-04-28 13:53:26] EDIT quiz/views/default/question_display.html: 0
[2016-04-28 13:53:35] EDIT quiz/views/default/question_display.html: -1
[2016-04-28 16:58:10] EDIT quiz/views/default/question_display.html: -1
[2016-04-28 16:58:58] EDIT quiz/views/default/question_display.html: 0
[2016-04-28 16:59:42] EDIT quiz/views/default/question_display.html: 1
[2016-04-28 17:04:08] EDIT quiz/views/default/question_display.html: 0
[2016-04-28 17:04:24] EDIT quiz/views/default/question_display.html: 0
[2016-04-28 17:05:33] EDIT quiz/views/default/question_display.html: -1
[2016-04-28 17:06:22] EDIT quiz/views/default/question_display.html: 2
[2016-04-28 17:06:45] EDIT quiz/views/default/question_display.html: 1
[2016-04-28 17:09:19] EDIT quiz/views/default/question_display.html: 1
[2016-04-28 17:09:38] EDIT quiz/views/default/question_display.html: -1
[2016-04-28 17:12:57] EDIT quiz/views/default/question_display.html: 0
[2016-04-28 17:13:48] EDIT quiz/views/default/user.html: 1
[2016-04-28 17:14:36] EDIT quiz/views/default/user.html: 0
[2016-04-28 17:14:50] EDIT quiz/views/default/user.html: 0
[2016-04-28 17:15:25] EDIT quiz/views/default/user.html: 0
[2016-04-28 17:16:12] EDIT quiz/views/layout.html: -21
[2016-04-28 17:16:38] EDIT quiz/views/layout.html: -10
[2016-04-28 17:17:00] EDIT quiz/views/layout.html: -1
[2016-04-28 17:18:12] EDIT quiz/views/layout.html: 0
[2016-04-28 17:18:37] EDIT quiz/views/default/user.html: 0
[2016-04-28 17:21:37] EDIT quiz/views/default/user.html: 0
[2016-04-28 17:40:09] EDIT quiz/views/default/user.html: 0
[2016-04-28 17:41:17] EDIT quiz/views/default/question_display.html: 1
[2016-04-28 17:41:31] EDIT quiz/views/default/question_display.html: -1
[2016-04-28 17:41:48] EDIT quiz/views/default/question_display.html: 0
[2016-04-28 17:42:00] EDIT quiz/views/default/question_display.html: 0
[2016-04-28 17:42:35] EDIT quiz/views/default/question_display.html: 1
[2016-04-28 17:43:01] EDIT quiz/views/default/question_display.html: 1
[2016-04-28 18:05:19] EDIT quiz/views/default/question_display.html: 0
[2016-04-28 18:05:27] EDIT quiz/views/default/question_display.html: 0
[2016-04-28 18:05:29] EDIT quiz/views/default/question_display.html: 0
[2016-04-28 18:08:54] EDIT quiz/views/default/question_display.html: 1
[2016-04-28 18:09:02] EDIT quiz/views/default/question_display.html: 0
[2016-04-28 18:09:47] EDIT quiz/views/default/question_display.html: 0
[2016-04-28 18:11:09] EDIT quiz/views/default/question_display.html: 0
[2016-04-28 18:12:07] EDIT quiz/views/default/question_display.html: 2
[2016-04-28 18:15:52] EDIT quiz/views/default/question_display.html: 2
[2016-04-28 18:18:00] EDIT quiz/views/default/question_display.html: 2
[2016-04-28 18:19:41] EDIT quiz/views/default/question_display.html: 2
[2016-04-28 18:20:24] EDIT quiz/views/default/question_display.html: 1
[2016-04-28 18:21:17] EDIT quiz/views/default/question_display.html: -1
[2016-04-28 18:21:49] EDIT quiz/views/default/question_display.html: 1
[2016-04-28 18:23:58] EDIT quiz/views/default/question_display.html: 0
[2016-04-28 18:41:09] EDIT quiz/views/default/question_display.html: 0
[2016-04-28 18:42:43] EDIT quiz/views/default/question_display.html: 0
[2016-04-28 18:43:25] EDIT quiz/views/default/question_display.html: 0
[2016-04-28 18:44:59] EDIT quiz/views/default/question_display.html: 0
[2016-04-28 18:45:31] EDIT quiz/views/default/question_display.html: 0
[2016-04-28 18:50:16] EDIT quiz/views/default/question_display.html: 0
[2016-04-28 19:13:25] EDIT quiz/views/default/question_display.html: 0
[2016-04-28 19:16:17] EDIT quiz/views/default/question_display.html: 0
[2016-04-28 19:19:37] EDIT quiz/views/default/question_display.html: 0
[2016-04-28 19:20:19] EDIT quiz/views/default/question_display.html: 0
[2016-04-28 19:20:45] EDIT quiz/views/default/question_display.html: 0
[2016-04-28 19:22:21] EDIT quiz/views/default/question_display.html: 0
[2016-04-28 19:23:18] EDIT quiz/views/default/question_display.html: 0
[2016-04-28 19:24:07] EDIT quiz/views/default/question_display.html: 0
[2016-04-28 19:24:15] EDIT quiz/views/default/question_display.html: 0
[2016-04-28 19:24:52] EDIT quiz/views/default/question_display.html: 0
[2016-04-28 19:25:26] EDIT quiz/views/default/question_display.html: 0
[2016-04-29 15:30:47] EDIT quiz/views/default/question_display.html: 3
[2016-04-29 15:32:21] EDIT quiz/views/default/question_display.html: 3
[2016-04-29 15:33:23] EDIT quiz/views/default/question_display.html: 0
[2016-04-29 15:34:20] EDIT quiz/views/default/question_display.html: 0
[2016-04-29 15:46:36] EDIT quiz/views/default/question_display.html: 5
[2016-04-29 15:48:50] EDIT quiz/views/default/question_display.html: 0
[2016-04-29 15:51:04] EDIT quiz/views/default/question_display.html: 1
[2016-04-29 15:51:33] EDIT quiz/views/default/question_display.html: 0
[2016-04-29 15:51:46] EDIT quiz/views/default/question_display.html: 0
[2016-04-29 15:52:19] EDIT quiz/views/default/question_display.html: 1
[2016-04-29 15:57:20] EDIT quiz/views/default/question_display.html: 0
[2016-04-29 16:01:42] EDIT quiz/views/default/question_display.html: 0
[2016-04-29 16:02:57] EDIT quiz/views/default/question_display.html: 0
[2016-04-29 16:03:39] EDIT quiz/views/default/question_display.html: 0
[2016-04-29 16:04:02] EDIT quiz/views/default/question_display.html: 1
[2016-04-29 16:04:36] EDIT quiz/views/default/question_display.html: -1
[2016-04-29 16:04:45] EDIT quiz/views/default/question_display.html: 0
[2016-04-29 16:07:43] EDIT quiz/views/default/question_display.html: 5
[2016-04-29 16:08:09] EDIT quiz/views/default/question_display.html: 0
[2016-04-29 16:08:35] EDIT quiz/views/default/question_display.html: 1
[2016-04-29 16:09:26] EDIT quiz/views/default/question_display.html: 1
[2016-04-29 16:09:37] EDIT quiz/views/default/question_display.html: 0
[2016-04-29 16:11:54] EDIT quiz/views/default/question_display.html: 0
[2016-04-29 16:13:13] EDIT quiz/views/default/question_display.html: 0
[2016-04-29 16:13:34] EDIT quiz/views/default/question_display.html: 0
[2016-04-29 16:14:01] EDIT quiz/views/default/question_display.html: 0
[2016-04-29 16:14:27] EDIT quiz/views/default/question_display.html: 1
[2016-04-29 16:14:36] EDIT quiz/views/default/question_display.html: 0
[2016-04-29 16:14:45] EDIT quiz/views/default/question_display.html: 0
[2016-04-29 16:14:54] EDIT quiz/views/default/question_display.html: 0
[2016-04-29 16:35:00] EDIT quiz/views/default/question_display.html: 0
[2016-04-29 16:36:28] EDIT quiz/views/default/question_display.html: 0
[2016-04-29 16:37:24] EDIT quiz/views/default/question_display.html: 0
[2016-04-29 16:38:49] EDIT quiz/views/default/question_display.html: 0
[2016-04-29 16:40:04] EDIT quiz/views/default/question_display.html: 0
[2016-04-29 16:43:14] EDIT quiz/views/default/question_display.html: 0
[2016-04-29 17:15:44] EDIT quiz/views/default/question_display.html: 0
[2016-04-29 17:17:58] EDIT quiz/views/default/index.html: 53
[2016-04-29 17:19:33] EDIT quiz/views/default/index.html: 0
[2016-04-29 17:20:02] EDIT quiz/views/default/index.html: 0
[2016-04-29 17:21:35] EDIT quiz/views/default/index.html: 0
[2016-04-29 17:21:40] EDIT quiz/views/default/index.html: 0
[2016-04-29 17:21:53] EDIT quiz/views/default/index.html: 0
[2016-04-29 17:23:04] EDIT quiz/views/default/index.html: 0
[2016-04-29 17:23:36] EDIT quiz/views/default/index.html: 6
[2016-04-29 17:24:25] EDIT quiz/views/default/index.html: 1
[2016-04-29 17:26:14] EDIT quiz/views/default/index.html: 18
[2016-04-29 17:27:26] EDIT quiz/views/default/index.html: 0
[2016-04-29 17:27:47] EDIT quiz/views/default/index.html: 0
[2016-04-29 17:28:16] EDIT quiz/views/default/index.html: -1
[2016-04-29 17:31:16] EDIT quiz/views/default/index.html: -3
[2016-04-29 17:33:48] EDIT quiz/views/default/index.html: 0
[2016-04-29 17:34:01] EDIT quiz/views/default/index.html: 0
[2016-04-29 17:35:01] EDIT quiz/views/default/index.html: 1
[2016-04-29 17:35:30] EDIT quiz/views/default/index.html: 0
[2016-04-29 17:35:45] EDIT quiz/views/default/index.html: 0
[2016-04-29 17:36:17] EDIT quiz/views/default/index.html: -1
[2016-04-29 17:36:34] EDIT quiz/views/default/index.html: 0
[2016-04-29 17:36:49] EDIT quiz/views/default/index.html: 0
[2016-04-29 17:37:34] EDIT quiz/views/default/index.html: 0
[2016-04-29 17:38:20] EDIT quiz/views/default/index.html: 0
[2016-04-29 17:42:27] EDIT quiz/views/default/index.html: 4
[2016-04-29 17:42:49] EDIT quiz/views/default/index.html: -1
[2016-04-30 12:12:00] EDIT quiz/views/default/startpage.html: 32
[2016-04-30 12:13:13] EDIT quiz/views/default/startpage.html: 7
[2016-04-30 12:13:51] EDIT quiz/views/default/startpage.html: 4
[2016-04-30 12:14:58] EDIT quiz/views/default/startpage.html: 0
[2016-04-30 12:16:02] EDIT quiz/views/default/startpage.html: 4
[2016-04-30 12:16:39] EDIT quiz/views/default/startpage.html: 3
[2016-04-30 12:16:58] EDIT quiz/views/default/startpage.html: 1
[2016-04-30 12:17:23] EDIT quiz/views/default/startpage.html: 1
[2016-04-30 12:17:54] EDIT quiz/views/default/startpage.html: 1
[2016-04-30 12:18:13] EDIT quiz/views/default/startpage.html: 1
[2016-04-30 12:18:34] EDIT quiz/views/default/startpage.html: 0
[2016-04-30 12:18:48] EDIT quiz/views/default/startpage.html: 1
[2016-04-30 12:21:48] EDIT quiz/views/default/startpage.html: 0
[2016-04-30 12:22:13] EDIT quiz/views/default/startpage.html: 0
[2016-04-30 12:22:21] EDIT quiz/views/default/startpage.html: 0
[2016-04-30 12:22:22] EDIT quiz/views/default/startpage.html: 0
[2016-04-30 12:23:24] EDIT quiz/views/default/startpage.html: 0
[2016-04-30 12:23:39] EDIT quiz/views/default/startpage.html: 0
[2016-04-30 12:24:36] EDIT quiz/views/default/startpage.html: 0
[2016-04-30 12:24:51] EDIT quiz/views/default/startpage.html: 0
[2016-04-30 12:25:13] EDIT quiz/views/default/startpage.html: 1
[2016-04-30 12:25:24] EDIT quiz/views/default/startpage.html: 0
[2016-04-30 12:25:36] EDIT quiz/views/default/startpage.html: -1
[2016-04-30 12:25:51] EDIT quiz/views/default/startpage.html: 0
[2016-04-30 12:26:04] EDIT quiz/views/default/startpage.html: 0
[2016-04-30 12:26:44] EDIT quiz/views/default/startpage.html: 1
[2016-04-30 12:26:53] EDIT quiz/views/default/startpage.html: 0
[2016-04-30 12:27:01] EDIT quiz/views/default/startpage.html: 0
[2016-04-30 12:27:28] EDIT quiz/views/default/startpage.html: -1
[2016-04-30 12:27:57] EDIT quiz/views/default/startpage.html: 0
[2016-04-30 12:28:19] EDIT quiz/views/default/startpage.html: 0
[2016-04-30 12:29:24] EDIT quiz/views/default/startpage.html: 0
[2016-04-30 12:35:40] EDIT quiz/views/default/pause.html: 48
[2016-04-30 12:35:56] EDIT quiz/views/default/pause.html: 1
[2016-04-30 13:07:13] EDIT quiz/views/default/startpage.html: 10
[2016-04-30 14:25:28] EDIT quiz/controllers/default.py: -1
[2016-04-30 14:40:53] EDIT quiz/controllers/default.py: 0
[2016-04-30 17:18:30] EDIT quiz/controllers/default.py: 2
[2016-04-30 17:19:38] EDIT quiz/controllers/default.py: 0
[2016-04-30 17:20:39] EDIT quiz/controllers/default.py: -1
[2016-04-30 18:16:28] EDIT quiz/views/default/index.html: 0
[2016-04-30 18:45:55] EDIT quiz/views/default/index.html: 0
[2016-04-30 18:46:40] EDIT quiz/views/default/index.html: -1
[2016-04-30 18:48:01] EDIT quiz/views/default/index.html: 0
[2016-04-30 18:48:23] EDIT quiz/views/default/index.html: 0
[2016-04-30 18:49:59] EDIT quiz/views/default/index.html: 0
[2016-04-30 18:50:44] EDIT quiz/views/default/index.html: 1
[2016-04-30 18:54:54] EDIT quiz/views/default/index.html: 0
[2016-04-30 18:55:50] EDIT quiz/views/default/index.html: 4
[2016-04-30 18:57:03] EDIT quiz/views/default/index.html: -78
[2016-04-30 18:57:15] EDIT quiz/views/default/index.html: 0
[2016-04-30 18:57:16] EDIT quiz/views/default/index.html: 0
[2016-04-30 18:59:36] EDIT quiz/views/default/index.html: 46
[2016-04-30 18:59:48] EDIT quiz/views/default/index.html: 32
[2016-04-30 19:00:29] EDIT quiz/views/default/index.html: 1
[2016-04-30 19:00:40] EDIT quiz/views/default/index.html: 0
[2016-04-30 19:00:51] EDIT quiz/views/default/index.html: 0
[2016-04-30 19:01:03] EDIT quiz/views/default/index.html: 0
[2016-04-30 19:01:16] EDIT quiz/views/default/index.html: 0
[2016-04-30 19:02:32] EDIT quiz/views/default/index.html: 0
[2016-04-30 19:02:50] EDIT quiz/views/default/startpage.html: 0
[2016-04-30 19:03:20] EDIT quiz/views/default/startpage.html: 0
[2016-04-30 19:04:09] EDIT quiz/views/default/startpage.html: 3
[2016-04-30 19:04:17] EDIT quiz/views/default/startpage.html: 0
[2016-04-30 19:04:32] EDIT quiz/views/default/startpage.html: 0
[2016-04-30 19:04:40] EDIT quiz/views/default/startpage.html: 0
[2016-04-30 19:05:46] EDIT quiz/views/default/startpage.html: 0
[2016-04-30 19:06:06] EDIT quiz/views/default/startpage.html: 0
[2016-04-30 19:07:10] EDIT quiz/views/default/startpage.html: 2
[2016-04-30 19:08:05] EDIT quiz/views/default/startpage.html: 6
[2016-04-30 19:08:45] EDIT quiz/views/default/startpage.html: 0
[2016-04-30 19:09:00] EDIT quiz/views/default/startpage.html: 1
[2016-04-30 19:09:10] EDIT quiz/views/default/startpage.html: 0
[2016-04-30 19:09:35] EDIT quiz/views/default/startpage.html: 1
[2016-04-30 19:09:57] EDIT quiz/views/default/startpage.html: 1
[2016-04-30 19:10:32] EDIT quiz/views/default/startpage.html: 0
[2016-04-30 19:10:53] EDIT quiz/views/default/startpage.html: 1
[2016-04-30 19:11:01] EDIT quiz/views/default/startpage.html: 0
[2016-04-30 19:11:12] EDIT quiz/views/default/startpage.html: 0
[2016-04-30 19:11:21] EDIT quiz/views/default/startpage.html: 0
[2016-04-30 19:11:29] EDIT quiz/views/default/startpage.html: 0
[2016-04-30 19:11:55] EDIT quiz/views/default/startpage.html: 1
[2016-04-30 19:11:58] EDIT quiz/views/default/startpage.html: 0
[2016-04-30 19:12:06] EDIT quiz/views/default/startpage.html: 0
[2016-04-30 19:12:26] EDIT quiz/views/default/startpage.html: 1
[2016-04-30 19:12:42] EDIT quiz/views/default/startpage.html: 0
[2016-04-30 19:13:05] EDIT quiz/views/default/startpage.html: 1
[2016-04-30 19:13:24] EDIT quiz/views/default/startpage.html: 0
[2016-04-30 19:13:33] EDIT quiz/views/default/startpage.html: 0
[2016-04-30 19:13:41] EDIT quiz/views/default/startpage.html: 0
[2016-04-30 19:14:32] EDIT quiz/views/default/startpage.html: 0
[2016-04-30 19:14:33] EDIT quiz/views/default/startpage.html: 0
[2016-04-30 19:15:43] EDIT quiz/views/default/pause.html: 26
[2016-04-30 19:16:18] EDIT quiz/views/default/pause.html: 2
[2016-05-01 02:25:03] EDIT quiz/controllers/default.py: -1
[2016-05-01 02:28:19] EDIT quiz/controllers/default.py: 2
[2016-05-01 02:28:46] EDIT quiz/controllers/default.py: 0
[2016-05-01 02:29:35] EDIT quiz/controllers/default.py: 0
[2016-05-01 02:30:56] EDIT quiz/controllers/default.py: -2
[2016-05-01 02:58:52] EDIT quiz/controllers/default.py: 2
[2016-05-01 03:00:13] EDIT quiz/controllers/default.py: 0
[2016-05-01 03:00:36] EDIT quiz/controllers/default.py: 0
[2016-05-01 03:04:32] EDIT quiz/controllers/default.py: 3
[2016-05-01 03:07:18] EDIT quiz/controllers/default.py: 5
[2016-05-01 03:07:45] EDIT quiz/controllers/default.py: 0
[2016-05-01 17:21:14] EDIT quiz/controllers/default.py: 2
[2016-05-01 17:23:20] EDIT quiz/controllers/default.py: 5
[2016-05-01 17:24:13] EDIT quiz/controllers/default.py: 0
[2016-05-01 17:26:57] CREATE default/search.html: 0
[2016-05-01 17:27:57] EDIT quiz/views/default/search.html: 1
[2016-05-01 17:29:18] EDIT quiz/views/default/search.html: 0
[2016-05-01 17:45:17] EDIT quiz/controllers/default.py: 0
[2016-05-01 17:51:52] EDIT quiz/controllers/default.py: 0
[2016-05-01 17:57:20] EDIT quiz/controllers/default.py: 0
[2016-05-01 18:06:20] EDIT quiz/views/default/search.html: 0
[2016-05-01 18:06:23] EDIT quiz/models/db.py: 0
[2016-05-01 18:06:26] EDIT quiz/controllers/default.py: 0
[2016-05-01 18:08:31] EDIT quiz/controllers/default.py: 2
[2016-05-01 18:09:27] EDIT quiz/controllers/default.py: 0
[2016-05-01 18:10:27] EDIT quiz/controllers/default.py: 0
[2016-05-01 18:12:42] EDIT quiz/controllers/default.py: 2
[2016-05-01 18:14:11] EDIT quiz/controllers/default.py: 0
[2016-05-01 18:14:51] EDIT quiz/controllers/default.py: 0
[2016-05-01 18:16:46] EDIT quiz/controllers/default.py: 0
[2016-05-01 18:17:31] EDIT quiz/controllers/default.py: -3
[2016-05-01 18:20:38] EDIT quiz/controllers/default.py: 0
[2016-05-01 18:54:36] EDIT quiz/views/default/question_display.html: 0
[2016-05-01 18:56:14] EDIT quiz/views/default/question_display.html: 0
[2016-05-01 18:58:59] EDIT quiz/views/default/question_display.html: 0
[2016-05-01 19:00:16] EDIT quiz/views/default/question_display.html: 1
[2016-05-01 19:00:43] EDIT quiz/views/default/question_display.html: 0
[2016-05-01 19:00:59] EDIT quiz/views/default/question_display.html: 0
[2016-05-01 19:01:09] EDIT quiz/views/default/question_display.html: 0
[2016-05-01 19:01:57] EDIT quiz/views/default/question_display.html: 0
[2016-05-01 19:04:11] EDIT quiz/views/default/question_display.html: -1
[2016-05-01 19:04:21] EDIT quiz/views/default/question_display.html: 0
[2016-05-01 19:16:52] EDIT quiz/views/default/index.html: 1
[2016-05-01 19:17:17] EDIT quiz/views/default/index.html: 0
[2016-05-01 19:17:45] EDIT quiz/views/default/index.html: 0
[2016-05-01 19:20:58] EDIT quiz/views/default/index.html: -40
[2016-05-01 19:25:08] EDIT quiz/views/default/index.html: 4
[2016-05-01 19:27:43] EDIT quiz/controllers/default.py: 1
[2016-05-01 19:28:18] EDIT quiz/controllers/default.py: 0
[2016-05-01 19:29:25] EDIT quiz/controllers/default.py: 0
[2016-05-01 19:29:26] EDIT quiz/controllers/default.py: 0
[2016-05-01 19:29:26] EDIT quiz/controllers/default.py: 0
[2016-05-01 19:29:41] EDIT quiz/controllers/default.py: -1
[2016-05-01 19:30:14] EDIT quiz/controllers/default.py: 1
[2016-05-01 19:31:07] EDIT quiz/controllers/default.py: 0
[2016-05-01 19:33:05] EDIT quiz/controllers/default.py: 0
[2016-05-01 19:34:03] EDIT quiz/controllers/default.py: 2
[2016-05-01 19:36:07] EDIT quiz/controllers/default.py: 0
[2016-05-01 19:37:18] EDIT quiz/controllers/default.py: 0
[2016-05-01 19:37:56] EDIT quiz/views/default/index.html: -1
[2016-05-01 19:38:03] EDIT quiz/controllers/default.py: 0
[2016-05-01 19:39:07] EDIT quiz/views/default/index.html: 0
[2016-05-01 19:39:21] EDIT quiz/controllers/default.py: 0
[2016-05-01 19:40:17] EDIT quiz/views/default/index.html: 1
[2016-05-01 19:42:58] EDIT quiz/views/default/search.html: -1
[2016-05-01 19:45:20] EDIT quiz/views/default/index.html: 0
[2016-05-01 19:45:45] EDIT quiz/views/default/index.html: 0
[2016-05-01 19:46:51] EDIT quiz/views/default/index.html: 0
[2016-05-01 19:47:40] EDIT quiz/views/default/index.html: 0
[2016-05-01 19:47:43] EDIT quiz/controllers/default.py: 0
[2016-05-01 19:47:52] EDIT quiz/views/default/search.html: 0
[2016-05-01 19:47:57] EDIT quiz/views/layout.html: 0
[2016-05-01 21:46:53] EDIT quiz/views/default/question_display.html: 3
[2016-05-01 21:48:05] EDIT quiz/views/default/question_display.html: 0
[2016-05-01 21:52:39] EDIT quiz/views/default/question_display.html: 3
[2016-05-01 21:54:48] EDIT quiz/views/default/question_display.html: 0
[2016-05-01 21:55:42] EDIT quiz/views/default/question_display.html: 0
[2016-05-01 21:56:08] EDIT quiz/views/default/question_display.html: 0
[2016-05-01 21:56:41] EDIT quiz/views/default/question_display.html: 0
[2016-05-01 21:57:44] EDIT quiz/views/default/question_display.html: 1
[2016-05-01 21:58:28] EDIT quiz/views/default/question_display.html: 0
[2016-05-01 22:06:52] EDIT quiz/views/default/question_display.html: 0
[2016-05-01 22:09:15] EDIT quiz/views/default/question_display.html: 14
[2016-05-01 22:11:29] EDIT quiz/views/default/question_display.html: 2
[2016-05-01 22:11:53] EDIT quiz/views/default/question_display.html: 0
[2016-05-01 22:13:20] EDIT quiz/views/default/question_display.html: 0
[2016-05-01 22:13:44] EDIT quiz/views/default/question_display.html: 0
[2016-05-01 22:13:56] EDIT quiz/views/default/question_display.html: 0
[2016-05-01 22:14:12] EDIT quiz/views/default/question_display.html: -1
[2016-05-01 22:14:47] EDIT quiz/views/default/question_display.html: 1
[2016-05-01 22:15:11] EDIT quiz/views/default/question_display.html: 0
[2016-05-01 22:15:26] EDIT quiz/views/default/question_display.html: 0
[2016-05-01 22:16:16] EDIT quiz/views/default/question_display.html: 0
[2016-05-01 22:16:50] EDIT quiz/views/default/question_display.html: 0
[2016-05-01 22:17:20] EDIT quiz/views/default/question_display.html: 0
[2016-05-01 22:19:22] EDIT quiz/views/default/question_display.html: 0
[2016-05-01 22:19:38] EDIT quiz/views/default/question_display.html: 0
[2016-05-01 22:20:01] EDIT quiz/views/default/question_display.html: 0
[2016-05-01 22:20:25] EDIT quiz/views/default/question_display.html: -1
[2016-05-01 22:21:30] EDIT quiz/views/default/question_display.html: -3
[2016-05-01 22:23:14] EDIT quiz/views/default/question_display.html: 0
[2016-05-01 22:24:00] EDIT quiz/views/default/question_display.html: 0
[2016-05-01 22:24:35] EDIT quiz/views/default/question_display.html: 0
[2016-05-01 22:28:31] EDIT quiz/views/default/question_display.html: 0
[2016-05-01 22:29:26] EDIT quiz/views/default/question_display.html: 0
[2016-05-01 23:11:55] EDIT quiz/views/default/question_display.html: 0
[2016-05-01 23:12:14] EDIT quiz/views/default/question_display.html: 0
[2016-05-01 23:24:22] EDIT quiz/views/default/question_display.html: 6
[2016-05-01 23:26:41] EDIT quiz/views/default/question_display.html: 0
[2016-05-01 23:41:34] EDIT quiz/views/default/question_display.html: 0
[2016-05-01 23:55:19] EDIT quiz/controllers/default.py: 1
[2016-05-01 23:56:27] EDIT quiz/controllers/default.py: -1
[2016-05-02 00:09:51] EDIT quiz/views/default/index.html: 0
[2016-05-02 00:10:38] EDIT quiz/views/default/index.html: 0
[2016-05-02 00:11:23] EDIT quiz/views/default/index.html: 0
[2016-05-02 01:11:25] EDIT quiz/views/default/index.html: 8
[2016-05-02 01:11:41] EDIT quiz/views/default/index.html: 0
[2016-05-02 01:15:53] EDIT quiz/views/default/index.html: 0
[2016-05-02 01:17:04] EDIT quiz/controllers/default.py: 6
[2016-05-02 01:17:14] EDIT quiz/controllers/default.py: 0
[2016-05-02 01:17:38] EDIT quiz/controllers/default.py: 0
[2016-05-02 01:17:39] EDIT quiz/controllers/default.py: 0
[2016-05-02 01:18:56] EDIT quiz/controllers/default.py: 0
[2016-05-02 01:20:20] EDIT quiz/views/default/index.html: 0
[2016-05-02 01:22:03] EDIT quiz/views/default/index.html: 0
[2016-05-02 01:22:33] EDIT quiz/views/default/index.html: 0
[2016-05-02 01:22:54] EDIT quiz/views/default/index.html: 0
[2016-05-02 01:24:52] DELETE quiz/views/default/index.html.1: -470
[2016-05-02 01:25:43] CREATE default/edit_profile.html: 0
[2016-05-02 01:28:51] EDIT quiz/views/default/edit_profile.html: -1
[2016-05-02 01:29:15] EDIT quiz/views/default/edit_profile.html: -1
[2016-05-02 01:38:58] EDIT quiz/views/default/edit_profile.html: 8
[2016-05-02 01:39:23] EDIT quiz/views/default/edit_profile.html: 1
[2016-05-02 01:39:40] EDIT quiz/views/default/edit_profile.html: -1
[2016-05-02 01:40:08] EDIT quiz/views/default/edit_profile.html: 2
[2016-05-02 01:40:31] EDIT quiz/views/default/edit_profile.html: 0
[2016-05-02 01:40:33] EDIT quiz/views/default/edit_profile.html: 0
[2016-05-02 01:41:46] EDIT quiz/views/default/edit_profile.html: 0
[2016-05-02 01:41:56] EDIT quiz/views/default/edit_profile.html: 0
[2016-05-02 01:42:08] EDIT quiz/views/default/edit_profile.html: 0
[2016-05-02 01:45:03] EDIT quiz/views/default/edit_profile.html: 1
[2016-05-02 01:45:05] EDIT quiz/views/default/edit_profile.html: 0
[2016-05-02 01:45:20] EDIT quiz/views/default/edit_profile.html: 0
[2016-05-02 01:45:30] EDIT quiz/views/default/edit_profile.html: 0
[2016-05-02 01:45:41] EDIT quiz/views/default/edit_profile.html: 0
[2016-05-02 01:50:14] EDIT quiz/views/default/edit_profile.html: 6
[2016-05-02 01:50:34] EDIT quiz/views/default/edit_profile.html: 1
[2016-05-02 01:50:44] EDIT quiz/views/default/edit_profile.html: 0
[2016-05-02 01:51:05] EDIT quiz/views/default/edit_profile.html: 1
[2016-05-02 01:51:28] EDIT quiz/views/default/edit_profile.html: 1
[2016-05-02 01:54:48] EDIT quiz/views/default/edit_profile.html: 0
[2016-05-02 01:54:56] EDIT quiz/views/default/edit_profile.html: 0
[2016-05-02 01:55:23] EDIT quiz/views/default/edit_profile.html: 0
[2016-05-02 01:56:54] EDIT quiz/views/default/edit_profile.html: 1
[2016-05-02 02:02:02] EDIT quiz/controllers/default.py: 0
[2016-05-02 02:02:26] EDIT quiz/views/default/index.html: 0
[2016-05-02 02:03:52] EDIT quiz/views/default/index.html: -1
[2016-05-02 02:04:08] EDIT quiz/views/default/index.html: 0
[2016-05-02 02:04:44] EDIT quiz/views/default/index.html: 0
[2016-05-02 02:09:06] EDIT quiz/views/default/index.html: 0
[2016-05-02 02:12:30] EDIT quiz/views/default/index.html: 0
[2016-05-02 02:15:08] EDIT quiz/controllers/default.py: 1
[2016-05-02 02:17:39] EDIT quiz/controllers/default.py: -1
[2016-05-02 02:18:33] EDIT quiz/controllers/default.py: 0
[2016-05-02 02:20:12] EDIT quiz/controllers/default.py: 0
[2016-05-02 02:20:40] EDIT quiz/views/default/index.html: -1
[2016-05-02 02:21:25] EDIT quiz/views/default/index.html: 0
[2016-05-02 02:25:52] DELETE quiz/views/default/index.html.1: -470
[2016-05-02 02:27:24] EDIT quiz/views/default/edit_profile.html: 0
[2016-05-02 02:27:42] EDIT quiz/views/default/edit_profile.html: 0
[2016-05-02 02:27:56] EDIT quiz/views/default/edit_profile.html: -1
[2016-05-02 02:28:11] EDIT quiz/views/default/edit_profile.html: 0
[2016-05-02 02:29:07] EDIT quiz/views/default/edit_profile.html: 3
[2016-05-02 02:29:56] EDIT quiz/views/default/edit_profile.html: 1
[2016-05-02 02:30:13] EDIT quiz/views/default/edit_profile.html: 1
[2016-05-02 02:30:35] EDIT quiz/views/default/edit_profile.html: 1
[2016-05-02 02:31:03] EDIT quiz/views/default/edit_profile.html: 0
[2016-05-02 02:31:11] EDIT quiz/views/default/edit_profile.html: 0
[2016-05-02 02:31:24] EDIT quiz/views/default/edit_profile.html: 0
[2016-05-02 02:31:31] EDIT quiz/views/default/edit_profile.html: 0
[2016-05-02 02:32:10] EDIT quiz/views/default/edit_profile.html: 0
[2016-05-02 02:32:29] EDIT quiz/views/default/edit_profile.html: 0
[2016-05-02 02:32:30] EDIT quiz/views/default/edit_profile.html: 0
[2016-05-02 02:32:58] EDIT quiz/views/default/edit_profile.html: 0
[2016-05-02 02:33:09] EDIT quiz/views/default/edit_profile.html: 0
[2016-05-02 02:33:17] EDIT quiz/views/default/edit_profile.html: 0
[2016-05-02 02:33:26] EDIT quiz/views/default/edit_profile.html: 0
[2016-05-02 02:33:37] EDIT quiz/views/default/edit_profile.html: 0
[2016-05-02 02:33:47] EDIT quiz/views/default/index.html: 0
[2016-05-02 19:49:42] EDIT quiz/views/default/marksheet.html: 0
[2016-05-02 19:50:02] EDIT quiz/views/default/marksheet.html: 0
[2016-05-02 19:50:11] EDIT quiz/views/default/marksheet.html: 0
[2016-05-02 19:50:24] EDIT quiz/views/default/marksheet.html: 0
[2016-05-02 19:50:35] EDIT quiz/views/default/marksheet.html: 0
[2016-05-02 19:50:47] EDIT quiz/views/default/marksheet.html: 0
[2016-05-02 19:51:02] EDIT quiz/views/default/marksheet.html: 0
[2016-05-02 19:51:17] EDIT quiz/views/default/marksheet.html: 0
[2016-05-02 19:51:26] EDIT quiz/views/default/marksheet.html: 0
[2016-05-02 19:51:37] EDIT quiz/views/default/marksheet.html: 0
[2016-05-02 19:51:58] EDIT quiz/views/default/marksheet.html: 0
[2016-05-02 19:52:17] EDIT quiz/views/default/marksheet.html: 0
[2016-05-02 19:52:27] EDIT quiz/views/default/marksheet.html: 0
[2016-05-02 20:08:14] EDIT quiz/views/default/marksheet.html: 1
[2016-05-02 20:09:49] EDIT quiz/views/default/marksheet.html: 0
[2016-05-02 20:10:42] EDIT quiz/views/default/startpage.html: 10
[2016-05-02 20:12:52] EDIT quiz/views/default/startpage.html: 0
[2016-05-02 20:13:06] EDIT quiz/views/default/startpage.html: 0
[2016-05-02 20:13:26] EDIT quiz/views/default/startpage.html: 0
[2016-05-02 20:13:36] EDIT quiz/views/default/startpage.html: 0
[2016-05-02 20:13:45] EDIT quiz/views/default/startpage.html: 0
[2016-05-02 20:13:54] EDIT quiz/views/default/startpage.html: 0
[2016-05-02 20:14:03] EDIT quiz/views/default/startpage.html: 0
[2016-05-02 20:14:47] EDIT quiz/views/default/startpage.html: -1
[2016-05-02 20:14:57] EDIT quiz/views/default/startpage.html: 0
[2016-05-02 20:15:33] EDIT quiz/views/default/startpage.html: 0
[2016-05-02 20:19:44] EDIT quiz/models/db.py: 4
[2016-05-02 20:19:55] EDIT quiz/models/db.py: 0
[2016-05-02 20:21:18] EDIT quiz/controllers/default.py: 1
[2016-05-02 20:21:26] EDIT quiz/models/db.py: 0
[2016-05-02 20:23:02] EDIT quiz/views/default/marksheet.html: 4
[2016-05-02 20:25:04] EDIT quiz/controllers/default.py: 0
[2016-05-02 20:26:04] EDIT quiz/models/db.py: 0
[2016-05-02 20:26:22] EDIT quiz/views/default/marksheet.html: 0
[2016-05-02 20:29:35] EDIT quiz/models/db.py: 0
[2016-05-02 20:30:05] EDIT quiz/models/db.py: 0
[2016-05-02 20:30:39] EDIT quiz/models/db.py: 0
[2016-05-02 20:35:54] EDIT quiz/views/default/marksheet.html: 1
[2016-05-02 20:36:09] EDIT quiz/views/default/marksheet.html: 0
[2016-05-02 20:36:21] EDIT quiz/views/default/marksheet.html: 0
[2016-05-02 20:36:38] EDIT quiz/views/default/marksheet.html: 0
[2016-05-02 20:36:39] EDIT quiz/views/default/marksheet.html: 0
[2016-05-02 20:37:08] EDIT quiz/views/default/marksheet.html: 1
[2016-05-02 20:37:19] EDIT quiz/views/default/marksheet.html: 0
[2016-05-02 20:37:28] EDIT quiz/views/default/marksheet.html: 0
[2016-05-02 20:40:38] EDIT quiz/views/default/marksheet.html: 7
[2016-05-02 20:41:03] EDIT quiz/views/default/marksheet.html: 1
[2016-05-02 20:41:13] EDIT quiz/views/default/marksheet.html: 0
[2016-05-02 20:41:30] EDIT quiz/views/default/marksheet.html: 0
[2016-05-02 20:41:42] EDIT quiz/views/default/marksheet.html: 0
[2016-05-02 20:41:51] EDIT quiz/views/default/marksheet.html: 0
[2016-05-02 20:42:38] EDIT quiz/views/default/marksheet.html: 1
[2016-05-02 20:42:54] EDIT quiz/views/default/marksheet.html: 0
[2016-05-02 20:43:07] EDIT quiz/views/default/marksheet.html: 0
[2016-05-02 20:43:17] EDIT quiz/views/default/marksheet.html: 0
[2016-05-02 20:43:29] EDIT quiz/views/default/marksheet.html: 0
[2016-05-02 20:44:04] EDIT quiz/views/default/marksheet.html: 0
[2016-05-02 20:44:21] EDIT quiz/views/default/marksheet.html: 0
[2016-05-02 20:44:34] EDIT quiz/views/default/marksheet.html: 0
[2016-05-02 20:44:43] EDIT quiz/views/default/marksheet.html: 0
[2016-05-02 20:44:45] EDIT quiz/views/default/marksheet.html: 0
[2016-05-02 20:45:05] EDIT quiz/views/default/marksheet.html: 0
[2016-05-02 20:45:22] EDIT quiz/views/default/marksheet.html: 0
[2016-05-02 20:45:35] EDIT quiz/views/default/marksheet.html: 0
[2016-05-02 20:45:52] EDIT quiz/views/default/marksheet.html: 1
[2016-05-02 20:45:54] EDIT quiz/views/default/marksheet.html: 0
[2016-05-02 20:46:53] EDIT quiz/views/default/marksheet.html: 0
[2016-05-02 20:49:35] EDIT quiz/views/default/marksheet.html: 0
[2016-05-02 20:49:57] EDIT quiz/views/default/marksheet.html: 0
[2016-05-02 20:50:05] EDIT quiz/views/default/marksheet.html: 0
[2016-05-02 20:50:16] EDIT quiz/views/default/marksheet.html: 31
[2016-05-02 20:50:48] EDIT quiz/views/default/marksheet.html: -2
[2016-05-02 20:52:04] EDIT quiz/views/default/marksheet.html: 0
[2016-05-02 20:54:57] EDIT quiz/views/default/marksheet.html: 0
[2016-05-02 20:55:31] EDIT quiz/views/default/marksheet.html: 1
[2016-05-02 20:55:40] EDIT quiz/views/default/marksheet.html: 0
[2016-05-02 20:55:50] EDIT quiz/views/default/marksheet.html: 0
[2016-05-02 20:55:52] EDIT quiz/views/default/marksheet.html: 0
[2016-05-02 20:56:01] EDIT quiz/views/default/marksheet.html: 0
[2016-05-02 20:56:11] EDIT quiz/views/default/marksheet.html: 0
[2016-05-02 20:56:21] EDIT quiz/views/default/marksheet.html: 0
[2016-05-02 20:56:29] EDIT quiz/views/default/marksheet.html: 0
[2016-05-02 20:58:53] EDIT quiz/views/default/marksheet.html: 0
[2016-05-02 20:59:13] EDIT quiz/views/default/marksheet.html: 0
[2016-05-02 20:59:46] EDIT quiz/views/default/marksheet.html: 0
[2016-05-02 20:59:48] EDIT quiz/views/default/marksheet.html: 0
[2016-05-02 21:00:27] EDIT quiz/views/default/marksheet.html: 0
[2016-05-02 21:01:21] EDIT quiz/views/default/marksheet.html: 0
[2016-05-02 21:01:54] EDIT quiz/views/default/marksheet.html: 0
[2016-05-02 21:02:05] EDIT quiz/views/default/marksheet.html: 0
[2016-05-02 21:02:34] EDIT quiz/views/default/marksheet.html: 0
[2016-05-02 21:03:17] EDIT quiz/views/default/marksheet.html: 0
[2016-05-02 21:03:18] EDIT quiz/views/default/marksheet.html: 0
[2016-05-02 21:03:32] EDIT quiz/views/default/marksheet.html: 0
[2016-05-02 21:03:54] EDIT quiz/views/default/marksheet.html: 1
[2016-05-02 21:04:05] EDIT quiz/views/default/marksheet.html: 0
[2016-05-02 21:44:02] EDIT quiz/views/default/marksheet.html: 19
[2016-05-02 21:44:28] EDIT quiz/views/default/marksheet.html: 1
[2016-05-02 21:46:27] EDIT quiz/views/default/marksheet.html: -4
[2016-05-02 21:48:14] EDIT quiz/views/default/marksheet.html: -14
[2016-05-02 21:50:09] EDIT quiz/views/default/marksheet.html: 0
[2016-05-02 21:51:09] CREATE css/marksheet: 0
[2016-05-02 21:51:33] DELETE quiz/static/css/marksheet: 0
[2016-05-02 21:51:48] CREATE css/marksheet.css: 0
[2016-05-02 21:52:02] EDIT quiz/static/css/marksheet.css: 18
[2016-05-02 21:52:20] EDIT quiz/static/css/marksheet.css: 0
[2016-05-02 21:53:52] EDIT quiz/views/default/marksheet.html: 1
[2016-05-02 21:54:43] EDIT quiz/views/default/marksheet.html: -1
[2016-05-02 22:03:40] EDIT quiz/views/default/index.html: 4
[2016-05-02 22:04:49] EDIT quiz/views/default/index.html: 0
[2016-05-02 22:06:22] EDIT quiz/views/default/index.html: 0
[2016-05-02 22:06:40] EDIT quiz/views/default/index.html: 0
[2016-05-02 22:08:35] EDIT quiz/views/default/index.html: 0
[2016-05-02 22:10:01] EDIT quiz/views/default/select_subcategory.html: 0
[2016-05-02 22:10:07] EDIT quiz/views/default/marksheet.html: 0
[2016-05-02 22:19:11] EDIT quiz/controllers/default.py: 5
[2016-05-02 22:22:05] EDIT quiz/views/default/topscorer.html: 0
[2016-05-02 22:22:40] EDIT quiz/views/default/topscorer.html: 0
[2016-05-02 22:25:31] EDIT quiz/views/default/index.html: 2
[2016-05-02 22:27:15] EDIT quiz/views/default/index.html: 0
[2016-05-02 22:30:00] EDIT quiz/controllers/default.py: 3
[2016-05-02 22:30:48] CREATE default/ratings.html: 0
[2016-05-02 22:31:09] EDIT quiz/controllers/default.py: 0
[2016-05-02 22:44:11] EDIT quiz/controllers/default.py: 1
[2016-05-02 22:44:25] EDIT quiz/controllers/default.py: 0
[2016-05-02 22:46:07] EDIT quiz/controllers/default.py: 0
[2016-05-02 22:52:31] EDIT quiz/views/default/ratings.html: 29
[2016-05-02 22:52:39] EDIT quiz/views/default/ratings.html: 0
[2016-05-02 22:54:36] EDIT quiz/views/default/index.html: 0
[2016-05-02 22:59:57] EDIT quiz/views/default/ratings.html: -30
[2016-05-02 23:01:09] EDIT quiz/controllers/default.py: 1
[2016-05-02 23:02:04] EDIT quiz/views/default/ratings.html: -1
[2016-05-02 23:02:26] EDIT quiz/views/default/ratings.html: -1
[2016-05-02 23:03:12] EDIT quiz/views/default/ratings.html: 3
[2016-05-02 23:04:09] EDIT quiz/views/default/ratings.html: 29
[2016-05-02 23:06:27] EDIT quiz/views/default/ratings.html: 3
[2016-05-02 23:07:07] EDIT quiz/views/default/ratings.html: 5
[2016-05-02 23:07:39] EDIT quiz/views/default/ratings.html: 1
[2016-05-02 23:08:31] EDIT quiz/views/default/ratings.html: 3
[2016-05-02 23:09:59] EDIT quiz/views/default/ratings.html: 0
[2016-05-02 23:10:11] EDIT quiz/views/default/ratings.html: 0
[2016-05-02 23:12:03] EDIT quiz/views/default/topscorer.html: 12
[2016-05-02 23:12:16] EDIT quiz/views/default/topscorer.html: 0
[2016-05-02 23:16:03] EDIT quiz/views/default/suggestquestion.html: 12
[2016-05-02 23:16:38] EDIT quiz/views/default/ratings.html: 0
[2016-05-02 23:19:20] EDIT quiz/controllers/default.py: -3
[2016-05-02 23:19:55] EDIT quiz/controllers/default.py: 0
[2016-05-02 23:20:26] EDIT quiz/controllers/default.py: 0
[2016-05-02 23:25:27] EDIT quiz/views/default/question_display.html: 0
